{"C:\\Users\\user\\Documents\\covidhelper-app\\App.js": {"path":"C:\\Users\\user\\Documents\\covidhelper-app\\App.js","statementMap":{"0":{"start":{"line":19,"column":14},"end":{"line":19,"column":36}},"1":{"start":{"line":20,"column":15},"end":{"line":20,"column":38}},"2":{"start":{"line":21,"column":12},"end":{"line":21,"column":43}},"3":{"start":{"line":22,"column":27},"end":{"line":22,"column":53}},"4":{"start":{"line":26,"column":24},"end":{"line":26,"column":51}},"5":{"start":{"line":27,"column":23},"end":{"line":27,"column":31}},"6":{"start":{"line":30,"column":2},"end":{"line":68,"column":4}},"7":{"start":{"line":34,"column":8},"end":{"line":34,"column":68}},"8":{"start":{"line":37,"column":34},"end":{"line":37,"column":54}},"9":{"start":{"line":38,"column":33},"end":{"line":38,"column":69}},"10":{"start":{"line":39,"column":24},"end":{"line":41,"column":9}},"11":{"start":{"line":40,"column":10},"end":{"line":40,"column":63}},"12":{"start":{"line":43,"column":8},"end":{"line":46,"column":9}},"13":{"start":{"line":44,"column":10},"end":{"line":44,"column":50}},"14":{"start":{"line":45,"column":10},"end":{"line":45,"column":42}},"15":{"start":{"line":72,"column":2},"end":{"line":77,"column":4}},"16":{"start":{"line":74,"column":32},"end":{"line":74,"column":64}},"17":{"start":{"line":81,"column":2},"end":{"line":87,"column":4}},"18":{"start":{"line":93,"column":20},"end":{"line":98,"column":2}},"19":{"start":{"line":93,"column":45},"end":{"line":98,"column":1}},"20":{"start":{"line":100,"column":17},"end":{"line":104,"column":2}},"21":{"start":{"line":100,"column":42},"end":{"line":104,"column":1}}},"fnMap":{"0":{"name":"App","decl":{"start":{"line":25,"column":24},"end":{"line":25,"column":27}},"loc":{"start":{"line":25,"column":30},"end":{"line":69,"column":1}},"line":25},"1":{"name":"(anonymous_1)","decl":{"start":{"line":33,"column":15},"end":{"line":33,"column":16}},"loc":{"start":{"line":33,"column":21},"end":{"line":35,"column":7}},"line":33},"2":{"name":"(anonymous_2)","decl":{"start":{"line":36,"column":21},"end":{"line":36,"column":22}},"loc":{"start":{"line":36,"column":33},"end":{"line":47,"column":7}},"line":36},"3":{"name":"(anonymous_3)","decl":{"start":{"line":39,"column":24},"end":{"line":39,"column":25}},"loc":{"start":{"line":39,"column":35},"end":{"line":41,"column":9}},"line":39},"4":{"name":"DrawerScreen","decl":{"start":{"line":71,"column":9},"end":{"line":71,"column":21}},"loc":{"start":{"line":71,"column":41},"end":{"line":78,"column":1}},"line":71},"5":{"name":"(anonymous_5)","decl":{"start":{"line":74,"column":21},"end":{"line":74,"column":22}},"loc":{"start":{"line":74,"column":32},"end":{"line":74,"column":64}},"line":74},"6":{"name":"CHScreen","decl":{"start":{"line":80,"column":9},"end":{"line":80,"column":17}},"loc":{"start":{"line":80,"column":36},"end":{"line":88,"column":1}},"line":80},"7":{"name":"(anonymous_7)","decl":{"start":{"line":93,"column":20},"end":{"line":93,"column":21}},"loc":{"start":{"line":93,"column":45},"end":{"line":98,"column":1}},"line":93},"8":{"name":"(anonymous_8)","decl":{"start":{"line":100,"column":17},"end":{"line":100,"column":18}},"loc":{"start":{"line":100,"column":42},"end":{"line":104,"column":1}},"line":100}},"branchMap":{"0":{"loc":{"start":{"line":43,"column":8},"end":{"line":46,"column":9}},"type":"if","locations":[{"start":{"line":43,"column":8},"end":{"line":46,"column":9}},{"start":{},"end":{}}],"line":43}},"s":{"0":1,"1":1,"2":1,"3":1,"4":2,"5":2,"6":1,"7":0,"8":0,"9":0,"10":0,"11":0,"12":0,"13":0,"14":0,"15":0,"16":0,"17":0,"18":1,"19":0,"20":1,"21":0},"f":{"0":2,"1":0,"2":0,"3":0,"4":0,"5":0,"6":0,"7":0,"8":0},"b":{"0":[0,0]},"_coverageSchema":"1a1c01bbd47fc00a2c39e90264f33305004495a9","hash":"35d085415eb826ae0a656e6cf56172c7b58c4e3b"}
,"C:\\Users\\user\\Documents\\covidhelper-app\\JestSetup.js": {"path":"C:\\Users\\user\\Documents\\covidhelper-app\\JestSetup.js","statementMap":{"0":{"start":{"line":7,"column":26},"end":{"line":7,"column":87}},"1":{"start":{"line":9,"column":26},"end":{"line":9,"column":50}},"2":{"start":{"line":10,"column":28},"end":{"line":10,"column":60}},"3":{"start":{"line":13,"column":0},"end":{"line":16,"column":1}},"4":{"start":{"line":14,"column":2},"end":{"line":14,"column":25}},"5":{"start":{"line":15,"column":2},"end":{"line":15,"column":31}},"6":{"start":{"line":18,"column":24},"end":{"line":25,"column":1}},"7":{"start":{"line":21,"column":14},"end":{"line":24,"column":3}},"8":{"start":{"line":23,"column":39},"end":{"line":23,"column":80}},"9":{"start":{"line":23,"column":62},"end":{"line":23,"column":79}},"10":{"start":{"line":26,"column":0},"end":{"line":26,"column":73}},"11":{"start":{"line":27,"column":0},"end":{"line":27,"column":78}},"12":{"start":{"line":29,"column":0},"end":{"line":33,"column":3}},"13":{"start":{"line":32,"column":13},"end":{"line":32,"column":38}},"14":{"start":{"line":35,"column":20},"end":{"line":38,"column":1}},"15":{"start":{"line":41,"column":23},"end":{"line":41,"column":36}},"16":{"start":{"line":43,"column":2},"end":{"line":61,"column":3}},"17":{"start":{"line":44,"column":4},"end":{"line":44,"column":27}},"18":{"start":{"line":45,"column":9},"end":{"line":61,"column":3}},"19":{"start":{"line":46,"column":4},"end":{"line":50,"column":5}},"20":{"start":{"line":47,"column":6},"end":{"line":47,"column":51}},"21":{"start":{"line":47,"column":32},"end":{"line":47,"column":49}},"22":{"start":{"line":49,"column":6},"end":{"line":49,"column":28}},"23":{"start":{"line":51,"column":9},"end":{"line":61,"column":3}},"24":{"start":{"line":52,"column":4},"end":{"line":52,"column":18}},"25":{"start":{"line":53,"column":9},"end":{"line":61,"column":3}},"26":{"start":{"line":54,"column":4},"end":{"line":54,"column":23}},"27":{"start":{"line":55,"column":9},"end":{"line":61,"column":3}},"28":{"start":{"line":56,"column":4},"end":{"line":56,"column":19}},"29":{"start":{"line":57,"column":9},"end":{"line":61,"column":3}},"30":{"start":{"line":58,"column":4},"end":{"line":58,"column":62}},"31":{"start":{"line":60,"column":4},"end":{"line":60,"column":19}},"32":{"start":{"line":62,"column":2},"end":{"line":62,"column":19}},"33":{"start":{"line":66,"column":27},"end":{"line":66,"column":29}},"34":{"start":{"line":67,"column":2},"end":{"line":74,"column":3}},"35":{"start":{"line":68,"column":21},"end":{"line":68,"column":51}},"36":{"start":{"line":70,"column":6},"end":{"line":72,"column":23}},"37":{"start":{"line":73,"column":4},"end":{"line":73,"column":64}},"38":{"start":{"line":75,"column":2},"end":{"line":75,"column":26}},"39":{"start":{"line":79,"column":15},"end":{"line":79,"column":17}},"40":{"start":{"line":80,"column":2},"end":{"line":82,"column":3}},"41":{"start":{"line":81,"column":4},"end":{"line":81,"column":48}},"42":{"start":{"line":83,"column":2},"end":{"line":83,"column":14}},"43":{"start":{"line":86,"column":0},"end":{"line":95,"column":1}},"44":{"start":{"line":87,"column":27},"end":{"line":87,"column":50}},"45":{"start":{"line":88,"column":27},"end":{"line":88,"column":59}},"46":{"start":{"line":90,"column":2},"end":{"line":94,"column":5}},"47":{"start":{"line":93,"column":15},"end":{"line":93,"column":31}},"48":{"start":{"line":97,"column":0},"end":{"line":106,"column":2}},"49":{"start":{"line":99,"column":4},"end":{"line":104,"column":7}},"50":{"start":{"line":100,"column":18},"end":{"line":103,"column":7}},"51":{"start":{"line":108,"column":0},"end":{"line":126,"column":1}},"52":{"start":{"line":109,"column":2},"end":{"line":120,"column":6}},"53":{"start":{"line":109,"column":39},"end":{"line":120,"column":3}},"54":{"start":{"line":110,"column":33},"end":{"line":110,"column":76}},"55":{"start":{"line":111,"column":32},"end":{"line":111,"column":89}},"56":{"start":{"line":112,"column":37},"end":{"line":112,"column":54}},"57":{"start":{"line":113,"column":38},"end":{"line":113,"column":55}},"58":{"start":{"line":114,"column":31},"end":{"line":114,"column":48}},"59":{"start":{"line":115,"column":29},"end":{"line":115,"column":46}},"60":{"start":{"line":116,"column":29},"end":{"line":116,"column":46}},"61":{"start":{"line":117,"column":38},"end":{"line":117,"column":55}},"62":{"start":{"line":118,"column":38},"end":{"line":118,"column":55}},"63":{"start":{"line":119,"column":43},"end":{"line":119,"column":60}},"64":{"start":{"line":123,"column":2},"end":{"line":125,"column":3}},"65":{"start":{"line":124,"column":4},"end":{"line":124,"column":16}},"66":{"start":{"line":128,"column":0},"end":{"line":144,"column":4}},"67":{"start":{"line":128,"column":63},"end":{"line":144,"column":1}},"68":{"start":{"line":130,"column":31},"end":{"line":130,"column":32}},"69":{"start":{"line":131,"column":31},"end":{"line":143,"column":3}},"70":{"start":{"line":146,"column":0},"end":{"line":148,"column":2}},"71":{"start":{"line":147,"column":2},"end":{"line":147,"column":78}},"72":{"start":{"line":150,"column":0},"end":{"line":150,"column":91}},"73":{"start":{"line":150,"column":72},"end":{"line":150,"column":89}},"74":{"start":{"line":152,"column":0},"end":{"line":165,"column":4}},"75":{"start":{"line":152,"column":59},"end":{"line":165,"column":1}},"76":{"start":{"line":167,"column":0},"end":{"line":195,"column":1}},"77":{"start":{"line":168,"column":2},"end":{"line":189,"column":5}},"78":{"start":{"line":169,"column":28},"end":{"line":169,"column":67}},"79":{"start":{"line":170,"column":35},"end":{"line":170,"column":50}},"80":{"start":{"line":179,"column":4},"end":{"line":186,"column":5}},"81":{"start":{"line":180,"column":27},"end":{"line":180,"column":57}},"82":{"start":{"line":181,"column":6},"end":{"line":185,"column":7}},"83":{"start":{"line":182,"column":8},"end":{"line":184,"column":9}},"84":{"start":{"line":183,"column":10},"end":{"line":183,"column":63}},"85":{"start":{"line":188,"column":4},"end":{"line":188,"column":27}},"86":{"start":{"line":192,"column":2},"end":{"line":194,"column":3}},"87":{"start":{"line":193,"column":4},"end":{"line":193,"column":16}},"88":{"start":{"line":198,"column":0},"end":{"line":198,"column":28}}},"fnMap":{"0":{"name":"(anonymous_0)","decl":{"start":{"line":21,"column":7},"end":{"line":21,"column":8}},"loc":{"start":{"line":21,"column":14},"end":{"line":24,"column":3}},"line":21},"1":{"name":"(anonymous_1)","decl":{"start":{"line":23,"column":21},"end":{"line":23,"column":22}},"loc":{"start":{"line":23,"column":39},"end":{"line":23,"column":80}},"line":23},"2":{"name":"(anonymous_2)","decl":{"start":{"line":23,"column":56},"end":{"line":23,"column":57}},"loc":{"start":{"line":23,"column":62},"end":{"line":23,"column":79}},"line":23},"3":{"name":"(anonymous_3)","decl":{"start":{"line":32,"column":7},"end":{"line":32,"column":8}},"loc":{"start":{"line":32,"column":13},"end":{"line":32,"column":38}},"line":32},"4":{"name":"mock","decl":{"start":{"line":40,"column":9},"end":{"line":40,"column":13}},"loc":{"start":{"line":40,"column":36},"end":{"line":63,"column":1}},"line":40},"5":{"name":"(anonymous_5)","decl":{"start":{"line":47,"column":26},"end":{"line":47,"column":27}},"loc":{"start":{"line":47,"column":32},"end":{"line":47,"column":49}},"line":47},"6":{"name":"mockProperties","decl":{"start":{"line":65,"column":9},"end":{"line":65,"column":23}},"loc":{"start":{"line":65,"column":55},"end":{"line":76,"column":1}},"line":65},"7":{"name":"mockByMockDefinition","decl":{"start":{"line":78,"column":9},"end":{"line":78,"column":29}},"loc":{"start":{"line":78,"column":42},"end":{"line":84,"column":1}},"line":78},"8":{"name":"(anonymous_8)","decl":{"start":{"line":93,"column":9},"end":{"line":93,"column":10}},"loc":{"start":{"line":93,"column":15},"end":{"line":93,"column":31}},"line":93},"9":{"name":"(anonymous_9)","decl":{"start":{"line":98,"column":2},"end":{"line":98,"column":3}},"loc":{"start":{"line":98,"column":23},"end":{"line":105,"column":3}},"line":98},"10":{"name":"(anonymous_10)","decl":{"start":{"line":100,"column":11},"end":{"line":100,"column":12}},"loc":{"start":{"line":100,"column":18},"end":{"line":103,"column":7}},"line":100},"11":{"name":"(anonymous_11)","decl":{"start":{"line":109,"column":32},"end":{"line":109,"column":33}},"loc":{"start":{"line":109,"column":39},"end":{"line":120,"column":3}},"line":109},"12":{"name":"(anonymous_12)","decl":{"start":{"line":110,"column":27},"end":{"line":110,"column":28}},"loc":{"start":{"line":110,"column":33},"end":{"line":110,"column":76}},"line":110},"13":{"name":"(anonymous_13)","decl":{"start":{"line":111,"column":26},"end":{"line":111,"column":27}},"loc":{"start":{"line":111,"column":32},"end":{"line":111,"column":89}},"line":111},"14":{"name":"(anonymous_14)","decl":{"start":{"line":112,"column":31},"end":{"line":112,"column":32}},"loc":{"start":{"line":112,"column":37},"end":{"line":112,"column":54}},"line":112},"15":{"name":"(anonymous_15)","decl":{"start":{"line":113,"column":32},"end":{"line":113,"column":33}},"loc":{"start":{"line":113,"column":38},"end":{"line":113,"column":55}},"line":113},"16":{"name":"(anonymous_16)","decl":{"start":{"line":114,"column":25},"end":{"line":114,"column":26}},"loc":{"start":{"line":114,"column":31},"end":{"line":114,"column":48}},"line":114},"17":{"name":"(anonymous_17)","decl":{"start":{"line":115,"column":23},"end":{"line":115,"column":24}},"loc":{"start":{"line":115,"column":29},"end":{"line":115,"column":46}},"line":115},"18":{"name":"(anonymous_18)","decl":{"start":{"line":116,"column":23},"end":{"line":116,"column":24}},"loc":{"start":{"line":116,"column":29},"end":{"line":116,"column":46}},"line":116},"19":{"name":"(anonymous_19)","decl":{"start":{"line":117,"column":32},"end":{"line":117,"column":33}},"loc":{"start":{"line":117,"column":38},"end":{"line":117,"column":55}},"line":117},"20":{"name":"(anonymous_20)","decl":{"start":{"line":118,"column":32},"end":{"line":118,"column":33}},"loc":{"start":{"line":118,"column":38},"end":{"line":118,"column":55}},"line":118},"21":{"name":"(anonymous_21)","decl":{"start":{"line":119,"column":37},"end":{"line":119,"column":38}},"loc":{"start":{"line":119,"column":43},"end":{"line":119,"column":60}},"line":119},"22":{"name":"(anonymous_22)","decl":{"start":{"line":128,"column":56},"end":{"line":128,"column":57}},"loc":{"start":{"line":128,"column":63},"end":{"line":144,"column":1}},"line":128},"23":{"name":"(anonymous_23)","decl":{"start":{"line":130,"column":25},"end":{"line":130,"column":26}},"loc":{"start":{"line":130,"column":31},"end":{"line":130,"column":32}},"line":130},"24":{"name":"(anonymous_24)","decl":{"start":{"line":131,"column":24},"end":{"line":131,"column":25}},"loc":{"start":{"line":131,"column":31},"end":{"line":143,"column":3}},"line":131},"25":{"name":"(anonymous_25)","decl":{"start":{"line":146,"column":55},"end":{"line":146,"column":56}},"loc":{"start":{"line":147,"column":2},"end":{"line":147,"column":78}},"line":147},"26":{"name":"(anonymous_26)","decl":{"start":{"line":150,"column":66},"end":{"line":150,"column":67}},"loc":{"start":{"line":150,"column":72},"end":{"line":150,"column":89}},"line":150},"27":{"name":"(anonymous_27)","decl":{"start":{"line":152,"column":52},"end":{"line":152,"column":53}},"loc":{"start":{"line":152,"column":59},"end":{"line":165,"column":1}},"line":152},"28":{"name":"(anonymous_28)","decl":{"start":{"line":153,"column":14},"end":{"line":153,"column":15}},"loc":{"start":{"line":153,"column":28},"end":{"line":155,"column":3}},"line":153},"29":{"name":"(anonymous_29)","decl":{"start":{"line":156,"column":17},"end":{"line":156,"column":18}},"loc":{"start":{"line":156,"column":28},"end":{"line":158,"column":3}},"line":156},"30":{"name":"(anonymous_30)","decl":{"start":{"line":159,"column":11},"end":{"line":159,"column":12}},"loc":{"start":{"line":159,"column":17},"end":{"line":161,"column":3}},"line":159},"31":{"name":"(anonymous_31)","decl":{"start":{"line":162,"column":13},"end":{"line":162,"column":14}},"loc":{"start":{"line":162,"column":19},"end":{"line":164,"column":3}},"line":162},"32":{"name":"(anonymous_32)","decl":{"start":{"line":168,"column":33},"end":{"line":168,"column":34}},"loc":{"start":{"line":168,"column":39},"end":{"line":189,"column":3}},"line":168},"33":{"name":"(anonymous_33)","decl":{"start":{"line":183,"column":47},"end":{"line":183,"column":48}},"loc":{"start":{"line":183,"column":59},"end":{"line":183,"column":61}},"line":183}},"branchMap":{"0":{"loc":{"start":{"line":13,"column":0},"end":{"line":16,"column":1}},"type":"if","locations":[{"start":{"line":13,"column":0},"end":{"line":16,"column":1}},{"start":{},"end":{}}],"line":13},"1":{"loc":{"start":{"line":43,"column":2},"end":{"line":61,"column":3}},"type":"if","locations":[{"start":{"line":43,"column":2},"end":{"line":61,"column":3}},{"start":{"line":45,"column":9},"end":{"line":61,"column":3}}],"line":43},"2":{"loc":{"start":{"line":45,"column":9},"end":{"line":61,"column":3}},"type":"if","locations":[{"start":{"line":45,"column":9},"end":{"line":61,"column":3}},{"start":{"line":51,"column":9},"end":{"line":61,"column":3}}],"line":45},"3":{"loc":{"start":{"line":46,"column":4},"end":{"line":50,"column":5}},"type":"if","locations":[{"start":{"line":46,"column":4},"end":{"line":50,"column":5}},{"start":{"line":48,"column":11},"end":{"line":50,"column":5}}],"line":46},"4":{"loc":{"start":{"line":51,"column":9},"end":{"line":61,"column":3}},"type":"if","locations":[{"start":{"line":51,"column":9},"end":{"line":61,"column":3}},{"start":{"line":53,"column":9},"end":{"line":61,"column":3}}],"line":51},"5":{"loc":{"start":{"line":53,"column":9},"end":{"line":61,"column":3}},"type":"if","locations":[{"start":{"line":53,"column":9},"end":{"line":61,"column":3}},{"start":{"line":55,"column":9},"end":{"line":61,"column":3}}],"line":53},"6":{"loc":{"start":{"line":55,"column":9},"end":{"line":61,"column":3}},"type":"if","locations":[{"start":{"line":55,"column":9},"end":{"line":61,"column":3}},{"start":{"line":57,"column":9},"end":{"line":61,"column":3}}],"line":55},"7":{"loc":{"start":{"line":57,"column":9},"end":{"line":61,"column":3}},"type":"if","locations":[{"start":{"line":57,"column":9},"end":{"line":61,"column":3}},{"start":{"line":59,"column":9},"end":{"line":61,"column":3}}],"line":57},"8":{"loc":{"start":{"line":70,"column":6},"end":{"line":72,"column":23}},"type":"cond-expr","locations":[{"start":{"line":71,"column":10},"end":{"line":71,"column":35}},{"start":{"line":72,"column":10},"end":{"line":72,"column":23}}],"line":70},"9":{"loc":{"start":{"line":70,"column":6},"end":{"line":70,"column":61}},"type":"binary-expr","locations":[{"start":{"line":70,"column":6},"end":{"line":70,"column":17}},{"start":{"line":70,"column":21},"end":{"line":70,"column":61}}],"line":70},"10":{"loc":{"start":{"line":123,"column":2},"end":{"line":125,"column":3}},"type":"if","locations":[{"start":{"line":123,"column":2},"end":{"line":125,"column":3}},{"start":{},"end":{}}],"line":123},"11":{"loc":{"start":{"line":182,"column":8},"end":{"line":184,"column":9}},"type":"if","locations":[{"start":{"line":182,"column":8},"end":{"line":184,"column":9}},{"start":{},"end":{}}],"line":182},"12":{"loc":{"start":{"line":192,"column":2},"end":{"line":194,"column":3}},"type":"if","locations":[{"start":{"line":192,"column":2},"end":{"line":194,"column":3}},{"start":{},"end":{}}],"line":192}},"s":{"0":0,"1":0,"2":0,"3":0,"4":0,"5":0,"6":0,"7":0,"8":0,"9":0,"10":0,"11":0,"12":0,"13":0,"14":0,"15":0,"16":0,"17":0,"18":0,"19":0,"20":0,"21":0,"22":0,"23":0,"24":0,"25":0,"26":0,"27":0,"28":0,"29":0,"30":0,"31":0,"32":0,"33":0,"34":0,"35":0,"36":0,"37":0,"38":0,"39":0,"40":0,"41":0,"42":0,"43":0,"44":0,"45":0,"46":0,"47":0,"48":0,"49":0,"50":0,"51":0,"52":0,"53":0,"54":0,"55":0,"56":0,"57":0,"58":0,"59":0,"60":0,"61":0,"62":0,"63":0,"64":0,"65":0,"66":0,"67":0,"68":0,"69":0,"70":0,"71":0,"72":0,"73":0,"74":0,"75":0,"76":0,"77":0,"78":0,"79":0,"80":0,"81":0,"82":0,"83":0,"84":0,"85":0,"86":0,"87":0,"88":0},"f":{"0":0,"1":0,"2":0,"3":0,"4":0,"5":0,"6":0,"7":0,"8":0,"9":0,"10":0,"11":0,"12":0,"13":0,"14":0,"15":0,"16":0,"17":0,"18":0,"19":0,"20":0,"21":0,"22":0,"23":0,"24":0,"25":0,"26":0,"27":0,"28":0,"29":0,"30":0,"31":0,"32":0,"33":0},"b":{"0":[0,0],"1":[0,0],"2":[0,0],"3":[0,0],"4":[0,0],"5":[0,0],"6":[0,0],"7":[0,0],"8":[0,0],"9":[0,0],"10":[0,0],"11":[0,0],"12":[0,0]}}
,"C:\\Users\\user\\Documents\\covidhelper-app\\src\\common\\Debounce.js": {"path":"C:\\Users\\user\\Documents\\covidhelper-app\\src\\common\\Debounce.js","statementMap":{"0":{"start":{"line":2,"column":16},"end":{"line":2,"column":20}},"1":{"start":{"line":3,"column":4},"end":{"line":8,"column":5}},"2":{"start":{"line":4,"column":8},"end":{"line":6,"column":9}},"3":{"start":{"line":5,"column":12},"end":{"line":5,"column":31}},"4":{"start":{"line":7,"column":8},"end":{"line":7,"column":36}}},"fnMap":{"0":{"name":"debounce","decl":{"start":{"line":1,"column":16},"end":{"line":1,"column":24}},"loc":{"start":{"line":1,"column":34},"end":{"line":9,"column":1}},"line":1},"1":{"name":"(anonymous_1)","decl":{"start":{"line":3,"column":11},"end":{"line":3,"column":12}},"loc":{"start":{"line":3,"column":22},"end":{"line":8,"column":5}},"line":3}},"branchMap":{"0":{"loc":{"start":{"line":4,"column":8},"end":{"line":6,"column":9}},"type":"if","locations":[{"start":{"line":4,"column":8},"end":{"line":6,"column":9}},{"start":{},"end":{}}],"line":4}},"s":{"0":0,"1":0,"2":0,"3":0,"4":0},"f":{"0":0,"1":0},"b":{"0":[0,0]}}
,"C:\\Users\\user\\Documents\\covidhelper-app\\src\\common\\EmptyCheck.js": {"path":"C:\\Users\\user\\Documents\\covidhelper-app\\src\\common\\EmptyCheck.js","statementMap":{"0":{"start":{"line":2,"column":4},"end":{"line":4,"column":5}},"1":{"start":{"line":3,"column":8},"end":{"line":3,"column":21}},"2":{"start":{"line":5,"column":4},"end":{"line":7,"column":15}}},"fnMap":{"0":{"name":"emptyCheck","decl":{"start":{"line":1,"column":16},"end":{"line":1,"column":26}},"loc":{"start":{"line":1,"column":33},"end":{"line":8,"column":1}},"line":1}},"branchMap":{"0":{"loc":{"start":{"line":2,"column":4},"end":{"line":4,"column":5}},"type":"if","locations":[{"start":{"line":2,"column":4},"end":{"line":4,"column":5}},{"start":{},"end":{}}],"line":2},"1":{"loc":{"start":{"line":2,"column":8},"end":{"line":2,"column":60}},"type":"binary-expr","locations":[{"start":{"line":2,"column":9},"end":{"line":2,"column":32}},{"start":{"line":2,"column":36},"end":{"line":2,"column":43}},{"start":{"line":2,"column":48},"end":{"line":2,"column":60}}],"line":2},"2":{"loc":{"start":{"line":5,"column":11},"end":{"line":7,"column":14}},"type":"cond-expr","locations":[{"start":{"line":6,"column":10},"end":{"line":6,"column":36}},{"start":{"line":7,"column":10},"end":{"line":7,"column":14}}],"line":5}},"s":{"0":12,"1":0,"2":12},"f":{"0":12},"b":{"0":[0,12],"1":[12,0,12],"2":[10,2]},"_coverageSchema":"1a1c01bbd47fc00a2c39e90264f33305004495a9","hash":"42d0064db28cd0b5e6ffcd7eafdbf7074e0d0395"}
,"C:\\Users\\user\\Documents\\covidhelper-app\\src\\common\\LatestCases.js": {"path":"C:\\Users\\user\\Documents\\covidhelper-app\\src\\common\\LatestCases.js","statementMap":{"0":{"start":{"line":6,"column":4},"end":{"line":8,"column":5}},"1":{"start":{"line":7,"column":8},"end":{"line":7,"column":134}},"2":{"start":{"line":7,"column":24},"end":{"line":7,"column":132}},"3":{"start":{"line":7,"column":71},"end":{"line":7,"column":128}},"4":{"start":{"line":9,"column":4},"end":{"line":9,"column":15}},"5":{"start":{"line":13,"column":4},"end":{"line":38,"column":5}},"6":{"start":{"line":14,"column":8},"end":{"line":14,"column":49}},"7":{"start":{"line":15,"column":19},"end":{"line":15,"column":30}},"8":{"start":{"line":16,"column":15},"end":{"line":16,"column":25}},"9":{"start":{"line":17,"column":19},"end":{"line":17,"column":66}},"10":{"start":{"line":18,"column":8},"end":{"line":18,"column":39}},"11":{"start":{"line":19,"column":22},"end":{"line":19,"column":69}},"12":{"start":{"line":20,"column":8},"end":{"line":20,"column":38}},"13":{"start":{"line":21,"column":25},"end":{"line":21,"column":72}},"14":{"start":{"line":22,"column":8},"end":{"line":33,"column":9}},"15":{"start":{"line":23,"column":12},"end":{"line":23,"column":329}},"16":{"start":{"line":24,"column":12},"end":{"line":24,"column":88}},"17":{"start":{"line":25,"column":12},"end":{"line":25,"column":42}},"18":{"start":{"line":26,"column":12},"end":{"line":26,"column":25}},"19":{"start":{"line":29,"column":12},"end":{"line":29,"column":315}},"20":{"start":{"line":30,"column":12},"end":{"line":30,"column":81}},"21":{"start":{"line":31,"column":12},"end":{"line":31,"column":42}},"22":{"start":{"line":32,"column":12},"end":{"line":32,"column":25}},"23":{"start":{"line":34,"column":8},"end":{"line":34,"column":97}},"24":{"start":{"line":35,"column":8},"end":{"line":35,"column":22}},"25":{"start":{"line":37,"column":8},"end":{"line":37,"column":63}}},"fnMap":{"0":{"name":"removeHyphenSpace","decl":{"start":{"line":5,"column":9},"end":{"line":5,"column":26}},"loc":{"start":{"line":5,"column":31},"end":{"line":10,"column":1}},"line":5},"1":{"name":"(anonymous_1)","decl":{"start":{"line":7,"column":20},"end":{"line":7,"column":21}},"loc":{"start":{"line":7,"column":24},"end":{"line":7,"column":132}},"line":7},"2":{"name":"(anonymous_2)","decl":{"start":{"line":7,"column":49},"end":{"line":7,"column":50}},"loc":{"start":{"line":7,"column":71},"end":{"line":7,"column":128}},"line":7},"3":{"name":"LatestCases","decl":{"start":{"line":12,"column":22},"end":{"line":12,"column":33}},"loc":{"start":{"line":12,"column":35},"end":{"line":39,"column":1}},"line":12}},"branchMap":{"0":{"loc":{"start":{"line":6,"column":4},"end":{"line":8,"column":5}},"type":"if","locations":[{"start":{"line":6,"column":4},"end":{"line":8,"column":5}},{"start":{},"end":{}}],"line":6},"1":{"loc":{"start":{"line":22,"column":8},"end":{"line":33,"column":9}},"type":"if","locations":[{"start":{"line":22,"column":8},"end":{"line":33,"column":9}},{"start":{"line":28,"column":12},"end":{"line":33,"column":9}}],"line":22}},"s":{"0":3,"1":3,"2":3,"3":36,"4":3,"5":1,"6":1,"7":1,"8":1,"9":1,"10":1,"11":1,"12":1,"13":1,"14":1,"15":0,"16":0,"17":0,"18":0,"19":1,"20":1,"21":1,"22":1,"23":1,"24":1,"25":0},"f":{"0":3,"1":3,"2":36,"3":1},"b":{"0":[3,0],"1":[0,1]},"_coverageSchema":"1a1c01bbd47fc00a2c39e90264f33305004495a9","hash":"15de7c15481a20d7c1b32704fb5050030ecd4840"}
,"C:\\Users\\user\\Documents\\covidhelper-app\\src\\common\\Logging.js": {"path":"C:\\Users\\user\\Documents\\covidhelper-app\\src\\common\\Logging.js","statementMap":{"0":{"start":{"line":6,"column":24},"end":{"line":14,"column":1}},"1":{"start":{"line":7,"column":12},"end":{"line":7,"column":46}},"2":{"start":{"line":8,"column":3},"end":{"line":8,"column":39}},"3":{"start":{"line":9,"column":3},"end":{"line":11,"column":4}},"4":{"start":{"line":10,"column":4},"end":{"line":10,"column":17}},"5":{"start":{"line":12,"column":3},"end":{"line":12,"column":29}},"6":{"start":{"line":13,"column":3},"end":{"line":13,"column":59}},"7":{"start":{"line":17,"column":17},"end":{"line":30,"column":3}},"8":{"start":{"line":35,"column":21},"end":{"line":35,"column":48}},"9":{"start":{"line":36,"column":4},"end":{"line":49,"column":5}},"10":{"start":{"line":38,"column":12},"end":{"line":38,"column":40}},"11":{"start":{"line":39,"column":12},"end":{"line":39,"column":18}},"12":{"start":{"line":41,"column":12},"end":{"line":41,"column":39}},"13":{"start":{"line":42,"column":12},"end":{"line":42,"column":18}},"14":{"start":{"line":44,"column":12},"end":{"line":44,"column":39}},"15":{"start":{"line":45,"column":12},"end":{"line":45,"column":18}},"16":{"start":{"line":47,"column":12},"end":{"line":47,"column":40}},"17":{"start":{"line":48,"column":12},"end":{"line":48,"column":18}}},"fnMap":{"0":{"name":"(anonymous_0)","decl":{"start":{"line":6,"column":24},"end":{"line":6,"column":25}},"loc":{"start":{"line":6,"column":41},"end":{"line":14,"column":1}},"line":6},"1":{"name":"Logging","decl":{"start":{"line":34,"column":22},"end":{"line":34,"column":29}},"loc":{"start":{"line":34,"column":44},"end":{"line":50,"column":1}},"line":34}},"branchMap":{"0":{"loc":{"start":{"line":8,"column":8},"end":{"line":8,"column":38}},"type":"cond-expr","locations":[{"start":{"line":8,"column":19},"end":{"line":8,"column":35}},{"start":{"line":8,"column":36},"end":{"line":8,"column":38}}],"line":8},"1":{"loc":{"start":{"line":9,"column":3},"end":{"line":11,"column":4}},"type":"if","locations":[{"start":{"line":9,"column":3},"end":{"line":11,"column":4}},{"start":{},"end":{}}],"line":9},"2":{"loc":{"start":{"line":36,"column":4},"end":{"line":49,"column":5}},"type":"switch","locations":[{"start":{"line":37,"column":8},"end":{"line":39,"column":18}},{"start":{"line":40,"column":8},"end":{"line":42,"column":18}},{"start":{"line":43,"column":8},"end":{"line":45,"column":18}},{"start":{"line":46,"column":8},"end":{"line":48,"column":18}}],"line":36}},"s":{"0":11,"1":0,"2":0,"3":0,"4":0,"5":0,"6":0,"7":11,"8":6,"9":6,"10":0,"11":0,"12":6,"13":6,"14":0,"15":0,"16":0,"17":0},"f":{"0":0,"1":6},"b":{"0":[0,0],"1":[0,0],"2":[0,6,0,0]},"_coverageSchema":"1a1c01bbd47fc00a2c39e90264f33305004495a9","hash":"35a3cd3f54f15597e0603d543baa1dbd8f183b65"}
,"C:\\Users\\user\\Documents\\covidhelper-app\\src\\common\\RequestLocationPermission.js": {"path":"C:\\Users\\user\\Documents\\covidhelper-app\\src\\common\\RequestLocationPermission.js","statementMap":{"0":{"start":{"line":5,"column":20},"end":{"line":48,"column":8}},"1":{"start":{"line":49,"column":6},"end":{"line":54,"column":7}},"2":{"start":{"line":50,"column":8},"end":{"line":50,"column":20}},"3":{"start":{"line":52,"column":8},"end":{"line":52,"column":70}},"4":{"start":{"line":53,"column":8},"end":{"line":53,"column":21}}},"fnMap":{"0":{"name":"RequestLocationPermission","decl":{"start":{"line":4,"column":22},"end":{"line":4,"column":47}},"loc":{"start":{"line":4,"column":50},"end":{"line":55,"column":1}},"line":4}},"branchMap":{"0":{"loc":{"start":{"line":49,"column":6},"end":{"line":54,"column":7}},"type":"if","locations":[{"start":{"line":49,"column":6},"end":{"line":54,"column":7}},{"start":{"line":51,"column":13},"end":{"line":54,"column":7}}],"line":49}},"s":{"0":0,"1":0,"2":0,"3":0,"4":0},"f":{"0":0},"b":{"0":[0,0]}}
,"C:\\Users\\user\\Documents\\covidhelper-app\\src\\common\\Throttle.js": {"path":"C:\\Users\\user\\Documents\\covidhelper-app\\src\\common\\Throttle.js","statementMap":{"0":{"start":{"line":2,"column":16},"end":{"line":2,"column":20}},"1":{"start":{"line":3,"column":4},"end":{"line":12,"column":5}},"2":{"start":{"line":4,"column":7},"end":{"line":6,"column":8}},"3":{"start":{"line":5,"column":11},"end":{"line":5,"column":23}},"4":{"start":{"line":7,"column":8},"end":{"line":7,"column":21}},"5":{"start":{"line":8,"column":8},"end":{"line":11,"column":17}},"6":{"start":{"line":9,"column":12},"end":{"line":9,"column":16}},"7":{"start":{"line":10,"column":12},"end":{"line":10,"column":25}}},"fnMap":{"0":{"name":"throttle","decl":{"start":{"line":1,"column":16},"end":{"line":1,"column":24}},"loc":{"start":{"line":1,"column":34},"end":{"line":13,"column":1}},"line":1},"1":{"name":"(anonymous_1)","decl":{"start":{"line":3,"column":11},"end":{"line":3,"column":12}},"loc":{"start":{"line":3,"column":22},"end":{"line":12,"column":5}},"line":3},"2":{"name":"(anonymous_2)","decl":{"start":{"line":8,"column":19},"end":{"line":8,"column":20}},"loc":{"start":{"line":8,"column":25},"end":{"line":11,"column":9}},"line":8}},"branchMap":{"0":{"loc":{"start":{"line":4,"column":7},"end":{"line":6,"column":8}},"type":"if","locations":[{"start":{"line":4,"column":7},"end":{"line":6,"column":8}},{"start":{},"end":{}}],"line":4}},"s":{"0":0,"1":0,"2":0,"3":0,"4":0,"5":0,"6":0,"7":0},"f":{"0":0,"1":0,"2":0},"b":{"0":[0,0]}}
,"C:\\Users\\user\\Documents\\covidhelper-app\\src\\common\\URLWithDeviceInfo.js": {"path":"C:\\Users\\user\\Documents\\covidhelper-app\\src\\common\\URLWithDeviceInfo.js","statementMap":{"0":{"start":{"line":7,"column":20},"end":{"line":7,"column":46}},"1":{"start":{"line":8,"column":20},"end":{"line":8,"column":23}},"2":{"start":{"line":9,"column":4},"end":{"line":11,"column":5}},"3":{"start":{"line":10,"column":8},"end":{"line":10,"column":23}},"4":{"start":{"line":12,"column":4},"end":{"line":14,"column":5}},"5":{"start":{"line":13,"column":8},"end":{"line":13,"column":145}},"6":{"start":{"line":15,"column":4},"end":{"line":17,"column":5}},"7":{"start":{"line":16,"column":8},"end":{"line":16,"column":160}}},"fnMap":{"0":{"name":"URLWithDeviceInfo","decl":{"start":{"line":6,"column":16},"end":{"line":6,"column":33}},"loc":{"start":{"line":6,"column":38},"end":{"line":18,"column":1}},"line":6}},"branchMap":{"0":{"loc":{"start":{"line":9,"column":4},"end":{"line":11,"column":5}},"type":"if","locations":[{"start":{"line":9,"column":4},"end":{"line":11,"column":5}},{"start":{},"end":{}}],"line":9},"1":{"loc":{"start":{"line":12,"column":4},"end":{"line":14,"column":5}},"type":"if","locations":[{"start":{"line":12,"column":4},"end":{"line":14,"column":5}},{"start":{},"end":{}}],"line":12},"2":{"loc":{"start":{"line":15,"column":4},"end":{"line":17,"column":5}},"type":"if","locations":[{"start":{"line":15,"column":4},"end":{"line":17,"column":5}},{"start":{},"end":{}}],"line":15}},"s":{"0":0,"1":0,"2":0,"3":0,"4":0,"5":0,"6":0,"7":0},"f":{"0":0},"b":{"0":[0,0],"1":[0,0],"2":[0,0]},"_coverageSchema":"1a1c01bbd47fc00a2c39e90264f33305004495a9","hash":"4dd3941ef10c88afce5bd431c120348f80f205c5"}
,"C:\\Users\\user\\Documents\\covidhelper-app\\src\\common\\Wait.js": {"path":"C:\\Users\\user\\Documents\\covidhelper-app\\src\\common\\Wait.js","statementMap":{"0":{"start":{"line":2,"column":4},"end":{"line":7,"column":6}},"1":{"start":{"line":3,"column":8},"end":{"line":6,"column":14}},"2":{"start":{"line":4,"column":12},"end":{"line":4,"column":40}},"3":{"start":{"line":5,"column":12},"end":{"line":5,"column":23}}},"fnMap":{"0":{"name":"wait","decl":{"start":{"line":1,"column":16},"end":{"line":1,"column":20}},"loc":{"start":{"line":1,"column":25},"end":{"line":8,"column":1}},"line":1},"1":{"name":"(anonymous_1)","decl":{"start":{"line":2,"column":23},"end":{"line":2,"column":24}},"loc":{"start":{"line":2,"column":44},"end":{"line":7,"column":5}},"line":2},"2":{"name":"(anonymous_2)","decl":{"start":{"line":3,"column":19},"end":{"line":3,"column":20}},"loc":{"start":{"line":3,"column":25},"end":{"line":6,"column":9}},"line":3}},"branchMap":{},"s":{"0":0,"1":0,"2":0,"3":0},"f":{"0":0,"1":0,"2":0},"b":{}}
,"C:\\Users\\user\\Documents\\covidhelper-app\\src\\components\\BgGPSSwitch.js": {"path":"C:\\Users\\user\\Documents\\covidhelper-app\\src\\components\\BgGPSSwitch.js","statementMap":{"0":{"start":{"line":9,"column":27},"end":{"line":9,"column":53}},"1":{"start":{"line":12,"column":38},"end":{"line":12,"column":53}},"2":{"start":{"line":13,"column":36},"end":{"line":13,"column":50}},"3":{"start":{"line":14,"column":36},"end":{"line":14,"column":50}},"4":{"start":{"line":15,"column":22},"end":{"line":15,"column":36}},"5":{"start":{"line":18,"column":8},"end":{"line":18,"column":28}},"6":{"start":{"line":19,"column":33},"end":{"line":19,"column":83}},"7":{"start":{"line":20,"column":8},"end":{"line":20,"column":29}},"8":{"start":{"line":21,"column":8},"end":{"line":44,"column":9}},"9":{"start":{"line":22,"column":12},"end":{"line":22,"column":68}},"10":{"start":{"line":23,"column":12},"end":{"line":23,"column":35}},"11":{"start":{"line":24,"column":12},"end":{"line":24,"column":19}},"12":{"start":{"line":30,"column":37},"end":{"line":30,"column":87}},"13":{"start":{"line":31,"column":12},"end":{"line":43,"column":13}},"14":{"start":{"line":32,"column":16},"end":{"line":32,"column":72}},"15":{"start":{"line":33,"column":16},"end":{"line":33,"column":39}},"16":{"start":{"line":34,"column":16},"end":{"line":34,"column":23}},"17":{"start":{"line":37,"column":16},"end":{"line":37,"column":34}},"18":{"start":{"line":38,"column":16},"end":{"line":40,"column":19}},"19":{"start":{"line":41,"column":16},"end":{"line":41,"column":38}},"20":{"start":{"line":42,"column":16},"end":{"line":42,"column":22}},"21":{"start":{"line":48,"column":8},"end":{"line":65,"column":9}},"22":{"start":{"line":49,"column":12},"end":{"line":49,"column":37}},"23":{"start":{"line":50,"column":12},"end":{"line":57,"column":13}},"24":{"start":{"line":51,"column":16},"end":{"line":51,"column":34}},"25":{"start":{"line":52,"column":16},"end":{"line":52,"column":64}},"26":{"start":{"line":55,"column":16},"end":{"line":55,"column":35}},"27":{"start":{"line":56,"column":16},"end":{"line":56,"column":65}},"28":{"start":{"line":60,"column":12},"end":{"line":62,"column":13}},"29":{"start":{"line":61,"column":14},"end":{"line":61,"column":73}},"30":{"start":{"line":63,"column":12},"end":{"line":63,"column":31}},"31":{"start":{"line":64,"column":12},"end":{"line":64,"column":61}},"32":{"start":{"line":68,"column":4},"end":{"line":96,"column":21}},"33":{"start":{"line":69,"column":29},"end":{"line":93,"column":9}},"34":{"start":{"line":70,"column":10},"end":{"line":92,"column":11}},"35":{"start":{"line":71,"column":30},"end":{"line":71,"column":69}},"36":{"start":{"line":72,"column":12},"end":{"line":89,"column":13}},"37":{"start":{"line":73,"column":14},"end":{"line":85,"column":15}},"38":{"start":{"line":74,"column":16},"end":{"line":74,"column":40}},"39":{"start":{"line":75,"column":16},"end":{"line":81,"column":17}},"40":{"start":{"line":76,"column":18},"end":{"line":76,"column":40}},"41":{"start":{"line":77,"column":18},"end":{"line":77,"column":67}},"42":{"start":{"line":78,"column":18},"end":{"line":78,"column":37}},"43":{"start":{"line":80,"column":18},"end":{"line":80,"column":36}},"44":{"start":{"line":84,"column":16},"end":{"line":84,"column":35}},"45":{"start":{"line":88,"column":14},"end":{"line":88,"column":33}},"46":{"start":{"line":91,"column":14},"end":{"line":91,"column":38}},"47":{"start":{"line":95,"column":8},"end":{"line":95,"column":22}},"48":{"start":{"line":98,"column":4},"end":{"line":106,"column":6}},"49":{"start":{"line":103,"column":37},"end":{"line":103,"column":57}},"50":{"start":{"line":109,"column":0},"end":{"line":117,"column":3}},"51":{"start":{"line":110,"column":2},"end":{"line":112,"column":3}},"52":{"start":{"line":111,"column":4},"end":{"line":111,"column":11}},"53":{"start":{"line":113,"column":2},"end":{"line":116,"column":3}},"54":{"start":{"line":114,"column":26},"end":{"line":114,"column":30}},"55":{"start":{"line":115,"column":4},"end":{"line":115,"column":26}},"56":{"start":{"line":119,"column":15},"end":{"line":124,"column":4}}},"fnMap":{"0":{"name":"BgGPSSwitch","decl":{"start":{"line":11,"column":16},"end":{"line":11,"column":27}},"loc":{"start":{"line":11,"column":34},"end":{"line":107,"column":1}},"line":11},"1":{"name":"startGPSTracking","decl":{"start":{"line":17,"column":19},"end":{"line":17,"column":35}},"loc":{"start":{"line":17,"column":37},"end":{"line":45,"column":5}},"line":17},"2":{"name":"toggleSwitch","decl":{"start":{"line":47,"column":19},"end":{"line":47,"column":31}},"loc":{"start":{"line":47,"column":33},"end":{"line":66,"column":7}},"line":47},"3":{"name":"(anonymous_3)","decl":{"start":{"line":68,"column":14},"end":{"line":68,"column":15}},"loc":{"start":{"line":68,"column":20},"end":{"line":96,"column":7}},"line":68},"4":{"name":"(anonymous_4)","decl":{"start":{"line":69,"column":29},"end":{"line":69,"column":30}},"loc":{"start":{"line":69,"column":41},"end":{"line":93,"column":9}},"line":69},"5":{"name":"(anonymous_5)","decl":{"start":{"line":103,"column":27},"end":{"line":103,"column":28}},"loc":{"start":{"line":103,"column":36},"end":{"line":103,"column":58}},"line":103},"6":{"name":"(anonymous_6)","decl":{"start":{"line":109,"column":43},"end":{"line":109,"column":44}},"loc":{"start":{"line":109,"column":64},"end":{"line":117,"column":1}},"line":109}},"branchMap":{"0":{"loc":{"start":{"line":21,"column":8},"end":{"line":44,"column":9}},"type":"if","locations":[{"start":{"line":21,"column":8},"end":{"line":44,"column":9}},{"start":{"line":25,"column":13},"end":{"line":44,"column":9}}],"line":21},"1":{"loc":{"start":{"line":31,"column":12},"end":{"line":43,"column":13}},"type":"if","locations":[{"start":{"line":31,"column":12},"end":{"line":43,"column":13}},{"start":{"line":36,"column":16},"end":{"line":43,"column":13}}],"line":31},"2":{"loc":{"start":{"line":48,"column":8},"end":{"line":65,"column":9}},"type":"if","locations":[{"start":{"line":48,"column":8},"end":{"line":65,"column":9}},{"start":{"line":59,"column":12},"end":{"line":65,"column":9}}],"line":48},"3":{"loc":{"start":{"line":50,"column":12},"end":{"line":57,"column":13}},"type":"if","locations":[{"start":{"line":50,"column":12},"end":{"line":57,"column":13}},{"start":{"line":54,"column":16},"end":{"line":57,"column":13}}],"line":50},"4":{"loc":{"start":{"line":60,"column":12},"end":{"line":62,"column":13}},"type":"if","locations":[{"start":{"line":60,"column":12},"end":{"line":62,"column":13}},{"start":{},"end":{}}],"line":60},"5":{"loc":{"start":{"line":72,"column":12},"end":{"line":89,"column":13}},"type":"if","locations":[{"start":{"line":72,"column":12},"end":{"line":89,"column":13}},{"start":{"line":87,"column":16},"end":{"line":89,"column":13}}],"line":72},"6":{"loc":{"start":{"line":73,"column":14},"end":{"line":85,"column":15}},"type":"if","locations":[{"start":{"line":73,"column":14},"end":{"line":85,"column":15}},{"start":{"line":83,"column":18},"end":{"line":85,"column":15}}],"line":73},"7":{"loc":{"start":{"line":75,"column":16},"end":{"line":81,"column":17}},"type":"if","locations":[{"start":{"line":75,"column":16},"end":{"line":81,"column":17}},{"start":{"line":79,"column":21},"end":{"line":81,"column":17}}],"line":75},"8":{"loc":{"start":{"line":101,"column":24},"end":{"line":101,"column":57}},"type":"cond-expr","locations":[{"start":{"line":101,"column":36},"end":{"line":101,"column":45}},{"start":{"line":101,"column":48},"end":{"line":101,"column":57}}],"line":101},"9":{"loc":{"start":{"line":110,"column":2},"end":{"line":112,"column":3}},"type":"if","locations":[{"start":{"line":110,"column":2},"end":{"line":112,"column":3}},{"start":{},"end":{}}],"line":110},"10":{"loc":{"start":{"line":113,"column":2},"end":{"line":116,"column":3}},"type":"if","locations":[{"start":{"line":113,"column":2},"end":{"line":116,"column":3}},{"start":{},"end":{}}],"line":113}},"s":{"0":0,"1":0,"2":0,"3":0,"4":0,"5":0,"6":0,"7":0,"8":0,"9":0,"10":0,"11":0,"12":0,"13":0,"14":0,"15":0,"16":0,"17":0,"18":0,"19":0,"20":0,"21":0,"22":0,"23":0,"24":0,"25":0,"26":0,"27":0,"28":0,"29":0,"30":0,"31":0,"32":0,"33":0,"34":0,"35":0,"36":0,"37":0,"38":0,"39":0,"40":0,"41":0,"42":0,"43":0,"44":0,"45":0,"46":0,"47":0,"48":0,"49":0,"50":0,"51":0,"52":0,"53":0,"54":0,"55":0,"56":0},"f":{"0":0,"1":0,"2":0,"3":0,"4":0,"5":0,"6":0},"b":{"0":[0,0],"1":[0,0],"2":[0,0],"3":[0,0],"4":[0,0],"5":[0,0],"6":[0,0],"7":[0,0],"8":[0,0],"9":[0,0],"10":[0,0]}}
,"C:\\Users\\user\\Documents\\covidhelper-app\\src\\components\\CustomSidebarMenu.js": {"path":"C:\\Users\\user\\Documents\\covidhelper-app\\src\\components\\CustomSidebarMenu.js","statementMap":{"0":{"start":{"line":23,"column":23},"end":{"line":23,"column":38}},"1":{"start":{"line":24,"column":20},"end":{"line":24,"column":46}},"2":{"start":{"line":25,"column":25},"end":{"line":25,"column":53}},"3":{"start":{"line":27,"column":4},"end":{"line":31,"column":21}},"4":{"start":{"line":28,"column":8},"end":{"line":30,"column":9}},"5":{"start":{"line":29,"column":12},"end":{"line":29,"column":52}},"6":{"start":{"line":33,"column":4},"end":{"line":73,"column":6}},"7":{"start":{"line":51,"column":20},"end":{"line":53,"column":22}},"8":{"start":{"line":56,"column":20},"end":{"line":56,"column":78}},"9":{"start":{"line":63,"column":20},"end":{"line":65,"column":22}},"10":{"start":{"line":68,"column":20},"end":{"line":68,"column":80}},"11":{"start":{"line":77,"column":15},"end":{"line":89,"column":4}}},"fnMap":{"0":{"name":"CustomSidebarMenu","decl":{"start":{"line":22,"column":16},"end":{"line":22,"column":33}},"loc":{"start":{"line":22,"column":40},"end":{"line":74,"column":1}},"line":22},"1":{"name":"(anonymous_1)","decl":{"start":{"line":27,"column":14},"end":{"line":27,"column":15}},"loc":{"start":{"line":27,"column":20},"end":{"line":31,"column":5}},"line":27},"2":{"name":"(anonymous_2)","decl":{"start":{"line":50,"column":22},"end":{"line":50,"column":23}},"loc":{"start":{"line":50,"column":26},"end":{"line":54,"column":17}},"line":50},"3":{"name":"(anonymous_3)","decl":{"start":{"line":55,"column":25},"end":{"line":55,"column":26}},"loc":{"start":{"line":55,"column":35},"end":{"line":57,"column":17}},"line":55},"4":{"name":"(anonymous_4)","decl":{"start":{"line":62,"column":22},"end":{"line":62,"column":23}},"loc":{"start":{"line":62,"column":26},"end":{"line":66,"column":17}},"line":62},"5":{"name":"(anonymous_5)","decl":{"start":{"line":67,"column":25},"end":{"line":67,"column":26}},"loc":{"start":{"line":67,"column":35},"end":{"line":69,"column":17}},"line":67}},"branchMap":{"0":{"loc":{"start":{"line":28,"column":8},"end":{"line":30,"column":9}},"type":"if","locations":[{"start":{"line":28,"column":8},"end":{"line":30,"column":9}},{"start":{},"end":{}}],"line":28}},"s":{"0":1,"1":1,"2":1,"3":1,"4":0,"5":0,"6":1,"7":0,"8":0,"9":0,"10":0,"11":2},"f":{"0":1,"1":0,"2":0,"3":0,"4":0,"5":0},"b":{"0":[0,0]},"_coverageSchema":"1a1c01bbd47fc00a2c39e90264f33305004495a9","hash":"106d8075b353f24e49b38fb59c84d058c714b2d3"}
,"C:\\Users\\user\\Documents\\covidhelper-app\\src\\components\\FgLocationStoreButton.js": {"path":"C:\\Users\\user\\Documents\\covidhelper-app\\src\\components\\FgLocationStoreButton.js","statementMap":{"0":{"start":{"line":9,"column":22},"end":{"line":9,"column":36}},"1":{"start":{"line":10,"column":40},"end":{"line":10,"column":55}},"2":{"start":{"line":13,"column":8},"end":{"line":13,"column":46}},"3":{"start":{"line":14,"column":8},"end":{"line":14,"column":28}},"4":{"start":{"line":15,"column":33},"end":{"line":15,"column":83}},"5":{"start":{"line":16,"column":8},"end":{"line":48,"column":9}},"6":{"start":{"line":17,"column":12},"end":{"line":17,"column":70}},"7":{"start":{"line":18,"column":12},"end":{"line":18,"column":19}},"8":{"start":{"line":20,"column":12},"end":{"line":46,"column":13}},"9":{"start":{"line":21,"column":32},"end":{"line":21,"column":77}},"10":{"start":{"line":22,"column":14},"end":{"line":27,"column":15}},"11":{"start":{"line":23,"column":16},"end":{"line":23,"column":32}},"12":{"start":{"line":26,"column":16},"end":{"line":26,"column":55}},"13":{"start":{"line":28,"column":29},"end":{"line":28,"column":41}},"14":{"start":{"line":29,"column":27},"end":{"line":29,"column":37}},"15":{"start":{"line":30,"column":34},"end":{"line":32,"column":16}},"16":{"start":{"line":33,"column":14},"end":{"line":33,"column":65}},"17":{"start":{"line":34,"column":14},"end":{"line":34,"column":67}},"18":{"start":{"line":35,"column":14},"end":{"line":35,"column":53}},"19":{"start":{"line":36,"column":14},"end":{"line":36,"column":53}},"20":{"start":{"line":37,"column":14},"end":{"line":37,"column":49}},"21":{"start":{"line":38,"column":14},"end":{"line":38,"column":40}},"22":{"start":{"line":39,"column":14},"end":{"line":39,"column":44}},"23":{"start":{"line":40,"column":14},"end":{"line":40,"column":57}},"24":{"start":{"line":41,"column":14},"end":{"line":41,"column":75}},"25":{"start":{"line":42,"column":14},"end":{"line":42,"column":35}},"26":{"start":{"line":43,"column":14},"end":{"line":43,"column":99}},"27":{"start":{"line":45,"column":14},"end":{"line":45,"column":64}},"28":{"start":{"line":51,"column":4},"end":{"line":53,"column":19}},"29":{"start":{"line":55,"column":4},"end":{"line":67,"column":8}},"30":{"start":{"line":70,"column":15},"end":{"line":80,"column":2}}},"fnMap":{"0":{"name":"FgLocationStoreButton","decl":{"start":{"line":8,"column":16},"end":{"line":8,"column":37}},"loc":{"start":{"line":8,"column":44},"end":{"line":68,"column":1}},"line":8},"1":{"name":"storeLocation","decl":{"start":{"line":12,"column":19},"end":{"line":12,"column":32}},"loc":{"start":{"line":12,"column":34},"end":{"line":49,"column":5}},"line":12},"2":{"name":"(anonymous_2)","decl":{"start":{"line":51,"column":14},"end":{"line":51,"column":15}},"loc":{"start":{"line":51,"column":20},"end":{"line":53,"column":5}},"line":51}},"branchMap":{"0":{"loc":{"start":{"line":16,"column":8},"end":{"line":48,"column":9}},"type":"if","locations":[{"start":{"line":16,"column":8},"end":{"line":48,"column":9}},{"start":{"line":19,"column":13},"end":{"line":48,"column":9}}],"line":16},"1":{"loc":{"start":{"line":22,"column":14},"end":{"line":27,"column":15}},"type":"if","locations":[{"start":{"line":22,"column":14},"end":{"line":27,"column":15}},{"start":{"line":25,"column":18},"end":{"line":27,"column":15}}],"line":22},"2":{"loc":{"start":{"line":57,"column":13},"end":{"line":63,"column":31}},"type":"binary-expr","locations":[{"start":{"line":57,"column":13},"end":{"line":57,"column":24}},{"start":{"line":58,"column":12},"end":{"line":63,"column":31}}],"line":57},"3":{"loc":{"start":{"line":64,"column":13},"end":{"line":64,"column":76}},"type":"binary-expr","locations":[{"start":{"line":64,"column":13},"end":{"line":64,"column":24}},{"start":{"line":64,"column":26},"end":{"line":64,"column":76}}],"line":64}},"s":{"0":2,"1":2,"2":0,"3":0,"4":0,"5":0,"6":0,"7":0,"8":0,"9":0,"10":0,"11":0,"12":0,"13":0,"14":0,"15":0,"16":0,"17":0,"18":0,"19":0,"20":0,"21":0,"22":0,"23":0,"24":0,"25":0,"26":0,"27":0,"28":2,"29":2,"30":3},"f":{"0":2,"1":0,"2":0},"b":{"0":[0,0],"1":[0,0],"2":[2,2],"3":[2,0]},"_coverageSchema":"1a1c01bbd47fc00a2c39e90264f33305004495a9","hash":"f1202db05a5ddd478e53e825971e0b14afa772ba"}
,"C:\\Users\\user\\Documents\\covidhelper-app\\src\\screens\\ChatbotScreen.js": {"path":"C:\\Users\\user\\Documents\\covidhelper-app\\src\\screens\\ChatbotScreen.js","statementMap":{"0":{"start":{"line":10,"column":36},"end":{"line":10,"column":48}},"1":{"start":{"line":11,"column":42},"end":{"line":11,"column":54}},"2":{"start":{"line":12,"column":44},"end":{"line":12,"column":55}},"3":{"start":{"line":14,"column":4},"end":{"line":27,"column":12}},"4":{"start":{"line":15,"column":8},"end":{"line":26,"column":10}},"5":{"start":{"line":29,"column":6},"end":{"line":45,"column":23}},"6":{"start":{"line":30,"column":8},"end":{"line":44,"column":9}},"7":{"start":{"line":31,"column":10},"end":{"line":31,"column":41}},"8":{"start":{"line":32,"column":10},"end":{"line":32,"column":67}},"9":{"start":{"line":33,"column":10},"end":{"line":43,"column":13}},"10":{"start":{"line":33,"column":42},"end":{"line":43,"column":12}},"11":{"start":{"line":48,"column":8},"end":{"line":52,"column":9}},"12":{"start":{"line":49,"column":10},"end":{"line":49,"column":140}},"13":{"start":{"line":51,"column":10},"end":{"line":51,"column":92}},"14":{"start":{"line":57,"column":8},"end":{"line":65,"column":11}},"15":{"start":{"line":57,"column":40},"end":{"line":65,"column":10}},"16":{"start":{"line":66,"column":8},"end":{"line":66,"column":39}},"17":{"start":{"line":67,"column":8},"end":{"line":67,"column":84}},"18":{"start":{"line":68,"column":8},"end":{"line":68,"column":46}},"19":{"start":{"line":72,"column":8},"end":{"line":93,"column":10}},"20":{"start":{"line":97,"column":8},"end":{"line":102,"column":9}},"21":{"start":{"line":106,"column":8},"end":{"line":122,"column":10}},"22":{"start":{"line":114,"column":14},"end":{"line":119,"column":16}},"23":{"start":{"line":125,"column":6},"end":{"line":138,"column":7}},"24":{"start":{"line":129,"column":32},"end":{"line":129,"column":48}},"25":{"start":{"line":141,"column":15},"end":{"line":147,"column":2}}},"fnMap":{"0":{"name":"ChatbotScreen","decl":{"start":{"line":9,"column":16},"end":{"line":9,"column":29}},"loc":{"start":{"line":9,"column":36},"end":{"line":139,"column":1}},"line":9},"1":{"name":"(anonymous_1)","decl":{"start":{"line":14,"column":14},"end":{"line":14,"column":15}},"loc":{"start":{"line":14,"column":20},"end":{"line":27,"column":7}},"line":14},"2":{"name":"(anonymous_2)","decl":{"start":{"line":29,"column":16},"end":{"line":29,"column":17}},"loc":{"start":{"line":29,"column":22},"end":{"line":45,"column":7}},"line":29},"3":{"name":"(anonymous_3)","decl":{"start":{"line":33,"column":22},"end":{"line":33,"column":23}},"loc":{"start":{"line":33,"column":42},"end":{"line":43,"column":12}},"line":33},"4":{"name":"getInformation","decl":{"start":{"line":47,"column":21},"end":{"line":47,"column":35}},"loc":{"start":{"line":47,"column":48},"end":{"line":53,"column":7}},"line":47},"5":{"name":"onSend","decl":{"start":{"line":56,"column":21},"end":{"line":56,"column":27}},"loc":{"start":{"line":56,"column":37},"end":{"line":69,"column":7}},"line":56},"6":{"name":"(anonymous_6)","decl":{"start":{"line":57,"column":20},"end":{"line":57,"column":21}},"loc":{"start":{"line":57,"column":40},"end":{"line":65,"column":10}},"line":57},"7":{"name":"renderBubble","decl":{"start":{"line":71,"column":15},"end":{"line":71,"column":27}},"loc":{"start":{"line":71,"column":35},"end":{"line":94,"column":7}},"line":71},"8":{"name":"renderSend","decl":{"start":{"line":96,"column":15},"end":{"line":96,"column":25}},"loc":{"start":{"line":96,"column":32},"end":{"line":103,"column":7}},"line":96},"9":{"name":"renderInputToolbar","decl":{"start":{"line":105,"column":15},"end":{"line":105,"column":33}},"loc":{"start":{"line":105,"column":41},"end":{"line":123,"column":7}},"line":105},"10":{"name":"(anonymous_10)","decl":{"start":{"line":113,"column":28},"end":{"line":113,"column":29}},"loc":{"start":{"line":114,"column":14},"end":{"line":119,"column":16}},"line":114},"11":{"name":"(anonymous_11)","decl":{"start":{"line":129,"column":20},"end":{"line":129,"column":21}},"loc":{"start":{"line":129,"column":32},"end":{"line":129,"column":48}},"line":129}},"branchMap":{"0":{"loc":{"start":{"line":30,"column":8},"end":{"line":44,"column":9}},"type":"if","locations":[{"start":{"line":30,"column":8},"end":{"line":44,"column":9}},{"start":{},"end":{}}],"line":30}},"s":{"0":2,"1":2,"2":2,"3":2,"4":1,"5":2,"6":1,"7":0,"8":0,"9":0,"10":0,"11":0,"12":0,"13":0,"14":0,"15":0,"16":0,"17":0,"18":0,"19":0,"20":0,"21":0,"22":0,"23":2,"24":0,"25":2},"f":{"0":2,"1":1,"2":1,"3":0,"4":0,"5":0,"6":0,"7":0,"8":0,"9":0,"10":0,"11":0},"b":{"0":[0,1]},"_coverageSchema":"1a1c01bbd47fc00a2c39e90264f33305004495a9","hash":"a5d91d7305981b0b55d2c69e4ae4ef5289fe1d1d"}
,"C:\\Users\\user\\Documents\\covidhelper-app\\src\\screens\\ContactScreen.js": {"path":"C:\\Users\\user\\Documents\\covidhelper-app\\src\\screens\\ContactScreen.js","statementMap":{"0":{"start":{"line":15,"column":33},"end":{"line":15,"column":45}},"1":{"start":{"line":16,"column":34},"end":{"line":16,"column":46}},"2":{"start":{"line":17,"column":35},"end":{"line":17,"column":47}},"3":{"start":{"line":18,"column":20},"end":{"line":18,"column":46}},"4":{"start":{"line":20,"column":4},"end":{"line":26,"column":10}},"5":{"start":{"line":21,"column":28},"end":{"line":24,"column":9}},"6":{"start":{"line":22,"column":25},"end":{"line":22,"column":128}},"7":{"start":{"line":23,"column":10},"end":{"line":23,"column":31}},"8":{"start":{"line":25,"column":8},"end":{"line":25,"column":22}},"9":{"start":{"line":28,"column":4},"end":{"line":67,"column":6}},"10":{"start":{"line":35,"column":45},"end":{"line":35,"column":89}},"11":{"start":{"line":36,"column":25},"end":{"line":36,"column":59}},"12":{"start":{"line":37,"column":16},"end":{"line":37,"column":52}},"13":{"start":{"line":38,"column":36},"end":{"line":38,"column":64}},"14":{"start":{"line":39,"column":16},"end":{"line":60,"column":17}},"15":{"start":{"line":40,"column":34},"end":{"line":40,"column":75}},"16":{"start":{"line":41,"column":20},"end":{"line":41,"column":246}},"17":{"start":{"line":42,"column":34},"end":{"line":42,"column":131}},"18":{"start":{"line":42,"column":98},"end":{"line":42,"column":106}},"19":{"start":{"line":42,"column":125},"end":{"line":42,"column":130}},"20":{"start":{"line":43,"column":20},"end":{"line":43,"column":115}},"21":{"start":{"line":43,"column":82},"end":{"line":43,"column":90}},"22":{"start":{"line":43,"column":109},"end":{"line":43,"column":114}},"23":{"start":{"line":44,"column":31},"end":{"line":44,"column":75}},"24":{"start":{"line":45,"column":39},"end":{"line":55,"column":21}},"25":{"start":{"line":56,"column":20},"end":{"line":56,"column":77}},"26":{"start":{"line":58,"column":20},"end":{"line":58,"column":143}},"27":{"start":{"line":59,"column":20},"end":{"line":59,"column":132}},"28":{"start":{"line":70,"column":15},"end":{"line":107,"column":4}}},"fnMap":{"0":{"name":"ContactScreen","decl":{"start":{"line":14,"column":16},"end":{"line":14,"column":29}},"loc":{"start":{"line":14,"column":37},"end":{"line":68,"column":1}},"line":14},"1":{"name":"(anonymous_1)","decl":{"start":{"line":20,"column":14},"end":{"line":20,"column":15}},"loc":{"start":{"line":20,"column":20},"end":{"line":26,"column":5}},"line":20},"2":{"name":"(anonymous_2)","decl":{"start":{"line":21,"column":28},"end":{"line":21,"column":29}},"loc":{"start":{"line":21,"column":40},"end":{"line":24,"column":9}},"line":21},"3":{"name":"(anonymous_3)","decl":{"start":{"line":34,"column":74},"end":{"line":34,"column":75}},"loc":{"start":{"line":34,"column":83},"end":{"line":61,"column":13}},"line":34},"4":{"name":"(anonymous_4)","decl":{"start":{"line":42,"column":84},"end":{"line":42,"column":85}},"loc":{"start":{"line":42,"column":98},"end":{"line":42,"column":106}},"line":42},"5":{"name":"(anonymous_5)","decl":{"start":{"line":42,"column":114},"end":{"line":42,"column":115}},"loc":{"start":{"line":42,"column":125},"end":{"line":42,"column":130}},"line":42},"6":{"name":"(anonymous_6)","decl":{"start":{"line":43,"column":68},"end":{"line":43,"column":69}},"loc":{"start":{"line":43,"column":82},"end":{"line":43,"column":90}},"line":43},"7":{"name":"(anonymous_7)","decl":{"start":{"line":43,"column":98},"end":{"line":43,"column":99}},"loc":{"start":{"line":43,"column":109},"end":{"line":43,"column":114}},"line":43}},"branchMap":{"0":{"loc":{"start":{"line":37,"column":21},"end":{"line":37,"column":51}},"type":"cond-expr","locations":[{"start":{"line":37,"column":32},"end":{"line":37,"column":48}},{"start":{"line":37,"column":49},"end":{"line":37,"column":51}}],"line":37},"1":{"loc":{"start":{"line":39,"column":16},"end":{"line":60,"column":17}},"type":"if","locations":[{"start":{"line":39,"column":16},"end":{"line":60,"column":17}},{"start":{"line":57,"column":23},"end":{"line":60,"column":17}}],"line":39},"2":{"loc":{"start":{"line":39,"column":20},"end":{"line":39,"column":55}},"type":"binary-expr","locations":[{"start":{"line":39,"column":20},"end":{"line":39,"column":31}},{"start":{"line":39,"column":33},"end":{"line":39,"column":55}}],"line":39}},"s":{"0":1,"1":1,"2":1,"3":1,"4":1,"5":0,"6":0,"7":0,"8":0,"9":1,"10":0,"11":0,"12":0,"13":0,"14":0,"15":0,"16":0,"17":0,"18":0,"19":0,"20":0,"21":0,"22":0,"23":0,"24":0,"25":0,"26":0,"27":0,"28":2},"f":{"0":1,"1":0,"2":0,"3":0,"4":0,"5":0,"6":0,"7":0},"b":{"0":[0,0],"1":[0,0],"2":[0,0]},"_coverageSchema":"1a1c01bbd47fc00a2c39e90264f33305004495a9","hash":"ea83f97c6701d118da4308752db8a713cc65759e"}
,"C:\\Users\\user\\Documents\\covidhelper-app\\src\\screens\\DistrictsScreen.js": {"path":"C:\\Users\\user\\Documents\\covidhelper-app\\src\\screens\\DistrictsScreen.js","statementMap":{"0":{"start":{"line":7,"column":38},"end":{"line":7,"column":53}},"1":{"start":{"line":8,"column":27},"end":{"line":8,"column":45}},"2":{"start":{"line":10,"column":4},"end":{"line":103,"column":6}},"3":{"start":{"line":13,"column":12},"end":{"line":13,"column":143}},"4":{"start":{"line":18,"column":12},"end":{"line":18,"column":131}},"5":{"start":{"line":23,"column":12},"end":{"line":23,"column":131}},"6":{"start":{"line":28,"column":12},"end":{"line":28,"column":136}},"7":{"start":{"line":33,"column":12},"end":{"line":33,"column":134}},"8":{"start":{"line":38,"column":12},"end":{"line":38,"column":133}},"9":{"start":{"line":43,"column":12},"end":{"line":43,"column":129}},"10":{"start":{"line":48,"column":12},"end":{"line":48,"column":132}},"11":{"start":{"line":53,"column":12},"end":{"line":53,"column":131}},"12":{"start":{"line":58,"column":12},"end":{"line":58,"column":136}},"13":{"start":{"line":63,"column":12},"end":{"line":63,"column":132}},"14":{"start":{"line":68,"column":12},"end":{"line":68,"column":130}},"15":{"start":{"line":73,"column":12},"end":{"line":73,"column":133}},"16":{"start":{"line":78,"column":12},"end":{"line":78,"column":132}},"17":{"start":{"line":83,"column":12},"end":{"line":83,"column":132}},"18":{"start":{"line":88,"column":12},"end":{"line":88,"column":136}},"19":{"start":{"line":93,"column":12},"end":{"line":93,"column":137}},"20":{"start":{"line":98,"column":12},"end":{"line":98,"column":133}},"21":{"start":{"line":106,"column":15},"end":{"line":131,"column":4}}},"fnMap":{"0":{"name":"DistrictsScreen","decl":{"start":{"line":6,"column":16},"end":{"line":6,"column":31}},"loc":{"start":{"line":6,"column":39},"end":{"line":104,"column":1}},"line":6},"1":{"name":"(anonymous_1)","decl":{"start":{"line":12,"column":60},"end":{"line":12,"column":61}},"loc":{"start":{"line":12,"column":64},"end":{"line":14,"column":13}},"line":12},"2":{"name":"(anonymous_2)","decl":{"start":{"line":17,"column":60},"end":{"line":17,"column":61}},"loc":{"start":{"line":17,"column":64},"end":{"line":19,"column":13}},"line":17},"3":{"name":"(anonymous_3)","decl":{"start":{"line":22,"column":60},"end":{"line":22,"column":61}},"loc":{"start":{"line":22,"column":64},"end":{"line":24,"column":13}},"line":22},"4":{"name":"(anonymous_4)","decl":{"start":{"line":27,"column":60},"end":{"line":27,"column":61}},"loc":{"start":{"line":27,"column":64},"end":{"line":29,"column":13}},"line":27},"5":{"name":"(anonymous_5)","decl":{"start":{"line":32,"column":60},"end":{"line":32,"column":61}},"loc":{"start":{"line":32,"column":64},"end":{"line":34,"column":13}},"line":32},"6":{"name":"(anonymous_6)","decl":{"start":{"line":37,"column":60},"end":{"line":37,"column":61}},"loc":{"start":{"line":37,"column":64},"end":{"line":39,"column":13}},"line":37},"7":{"name":"(anonymous_7)","decl":{"start":{"line":42,"column":60},"end":{"line":42,"column":61}},"loc":{"start":{"line":42,"column":64},"end":{"line":44,"column":13}},"line":42},"8":{"name":"(anonymous_8)","decl":{"start":{"line":47,"column":60},"end":{"line":47,"column":61}},"loc":{"start":{"line":47,"column":64},"end":{"line":49,"column":13}},"line":47},"9":{"name":"(anonymous_9)","decl":{"start":{"line":52,"column":60},"end":{"line":52,"column":61}},"loc":{"start":{"line":52,"column":64},"end":{"line":54,"column":13}},"line":52},"10":{"name":"(anonymous_10)","decl":{"start":{"line":57,"column":60},"end":{"line":57,"column":61}},"loc":{"start":{"line":57,"column":64},"end":{"line":59,"column":13}},"line":57},"11":{"name":"(anonymous_11)","decl":{"start":{"line":62,"column":60},"end":{"line":62,"column":61}},"loc":{"start":{"line":62,"column":64},"end":{"line":64,"column":13}},"line":62},"12":{"name":"(anonymous_12)","decl":{"start":{"line":67,"column":60},"end":{"line":67,"column":61}},"loc":{"start":{"line":67,"column":64},"end":{"line":69,"column":13}},"line":67},"13":{"name":"(anonymous_13)","decl":{"start":{"line":72,"column":60},"end":{"line":72,"column":61}},"loc":{"start":{"line":72,"column":64},"end":{"line":74,"column":13}},"line":72},"14":{"name":"(anonymous_14)","decl":{"start":{"line":77,"column":60},"end":{"line":77,"column":61}},"loc":{"start":{"line":77,"column":64},"end":{"line":79,"column":13}},"line":77},"15":{"name":"(anonymous_15)","decl":{"start":{"line":82,"column":60},"end":{"line":82,"column":61}},"loc":{"start":{"line":82,"column":64},"end":{"line":84,"column":13}},"line":82},"16":{"name":"(anonymous_16)","decl":{"start":{"line":87,"column":60},"end":{"line":87,"column":61}},"loc":{"start":{"line":87,"column":64},"end":{"line":89,"column":13}},"line":87},"17":{"name":"(anonymous_17)","decl":{"start":{"line":92,"column":60},"end":{"line":92,"column":61}},"loc":{"start":{"line":92,"column":64},"end":{"line":94,"column":13}},"line":92},"18":{"name":"(anonymous_18)","decl":{"start":{"line":97,"column":60},"end":{"line":97,"column":61}},"loc":{"start":{"line":97,"column":64},"end":{"line":99,"column":13}},"line":97}},"branchMap":{},"s":{"0":1,"1":1,"2":1,"3":0,"4":0,"5":0,"6":0,"7":0,"8":0,"9":0,"10":0,"11":0,"12":0,"13":0,"14":0,"15":0,"16":0,"17":0,"18":0,"19":0,"20":0,"21":2},"f":{"0":1,"1":0,"2":0,"3":0,"4":0,"5":0,"6":0,"7":0,"8":0,"9":0,"10":0,"11":0,"12":0,"13":0,"14":0,"15":0,"16":0,"17":0,"18":0},"b":{},"_coverageSchema":"1a1c01bbd47fc00a2c39e90264f33305004495a9","hash":"fdd1f258698c0bd97cdce6bd9172047cbcfbda72"}
,"C:\\Users\\user\\Documents\\covidhelper-app\\src\\screens\\HomeScreen.js": {"path":"C:\\Users\\user\\Documents\\covidhelper-app\\src\\screens\\HomeScreen.js","statementMap":{"0":{"start":{"line":8,"column":29},"end":{"line":8,"column":40}},"1":{"start":{"line":9,"column":22},"end":{"line":9,"column":36}},"2":{"start":{"line":11,"column":4},"end":{"line":17,"column":10}},"3":{"start":{"line":12,"column":26},"end":{"line":15,"column":9}},"4":{"start":{"line":13,"column":25},"end":{"line":13,"column":44}},"5":{"start":{"line":14,"column":10},"end":{"line":14,"column":28}},"6":{"start":{"line":16,"column":8},"end":{"line":16,"column":19}},"7":{"start":{"line":21,"column":4},"end":{"line":35,"column":6}},"8":{"start":{"line":38,"column":17},"end":{"line":67,"column":4}}},"fnMap":{"0":{"name":"HomeScreen","decl":{"start":{"line":7,"column":16},"end":{"line":7,"column":26}},"loc":{"start":{"line":7,"column":34},"end":{"line":36,"column":3}},"line":7},"1":{"name":"(anonymous_1)","decl":{"start":{"line":11,"column":14},"end":{"line":11,"column":15}},"loc":{"start":{"line":11,"column":20},"end":{"line":17,"column":5}},"line":11},"2":{"name":"(anonymous_2)","decl":{"start":{"line":12,"column":26},"end":{"line":12,"column":27}},"loc":{"start":{"line":12,"column":38},"end":{"line":15,"column":9}},"line":12}},"branchMap":{"0":{"loc":{"start":{"line":24,"column":43},"end":{"line":24,"column":112}},"type":"cond-expr","locations":[{"start":{"line":24,"column":74},"end":{"line":24,"column":86}},{"start":{"line":24,"column":88},"end":{"line":24,"column":111}}],"line":24},"1":{"loc":{"start":{"line":24,"column":88},"end":{"line":24,"column":111}},"type":"cond-expr","locations":[{"start":{"line":24,"column":99},"end":{"line":24,"column":108}},{"start":{"line":24,"column":109},"end":{"line":24,"column":111}}],"line":24},"2":{"loc":{"start":{"line":27,"column":43},"end":{"line":27,"column":112}},"type":"cond-expr","locations":[{"start":{"line":27,"column":74},"end":{"line":27,"column":86}},{"start":{"line":27,"column":88},"end":{"line":27,"column":111}}],"line":27},"3":{"loc":{"start":{"line":27,"column":88},"end":{"line":27,"column":111}},"type":"cond-expr","locations":[{"start":{"line":27,"column":99},"end":{"line":27,"column":108}},{"start":{"line":27,"column":109},"end":{"line":27,"column":111}}],"line":27},"4":{"loc":{"start":{"line":31,"column":61},"end":{"line":31,"column":186}},"type":"cond-expr","locations":[{"start":{"line":31,"column":92},"end":{"line":31,"column":94}},{"start":{"line":31,"column":96},"end":{"line":31,"column":185}}],"line":31},"5":{"loc":{"start":{"line":31,"column":96},"end":{"line":31,"column":185}},"type":"cond-expr","locations":[{"start":{"line":31,"column":106},"end":{"line":31,"column":182}},{"start":{"line":31,"column":183},"end":{"line":31,"column":185}}],"line":31}},"s":{"0":1,"1":1,"2":1,"3":0,"4":0,"5":0,"6":0,"7":1,"8":2},"f":{"0":1,"1":0,"2":0},"b":{"0":[1,0],"1":[0,0],"2":[1,0],"3":[0,0],"4":[1,0],"5":[0,0]},"_coverageSchema":"1a1c01bbd47fc00a2c39e90264f33305004495a9","hash":"62ab4df5a45efaed3e675d39c822bb35dd38dfc2"}
,"C:\\Users\\user\\Documents\\covidhelper-app\\src\\screens\\LocationsScreen.js": {"path":"C:\\Users\\user\\Documents\\covidhelper-app\\src\\screens\\LocationsScreen.js","statementMap":{"0":{"start":{"line":10,"column":22},"end":{"line":10,"column":36}},"1":{"start":{"line":11,"column":36},"end":{"line":11,"column":54}},"2":{"start":{"line":12,"column":32},"end":{"line":12,"column":44}},"3":{"start":{"line":13,"column":54},"end":{"line":13,"column":66}},"4":{"start":{"line":14,"column":44},"end":{"line":14,"column":56}},"5":{"start":{"line":17,"column":8},"end":{"line":23,"column":9}},"6":{"start":{"line":18,"column":12},"end":{"line":20,"column":16}},"7":{"start":{"line":19,"column":14},"end":{"line":19,"column":56}},"8":{"start":{"line":22,"column":12},"end":{"line":22,"column":47}},"9":{"start":{"line":24,"column":8},"end":{"line":24,"column":31}},"10":{"start":{"line":28,"column":6},"end":{"line":44,"column":7}},"11":{"start":{"line":30,"column":27},"end":{"line":30,"column":35}},"12":{"start":{"line":31,"column":10},"end":{"line":33,"column":11}},"13":{"start":{"line":32,"column":12},"end":{"line":32,"column":44}},"14":{"start":{"line":34,"column":10},"end":{"line":34,"column":96}},"15":{"start":{"line":35,"column":10},"end":{"line":35,"column":88}},"16":{"start":{"line":36,"column":28},"end":{"line":36,"column":159}},"17":{"start":{"line":37,"column":10},"end":{"line":37,"column":109}},"18":{"start":{"line":38,"column":10},"end":{"line":38,"column":108}},"19":{"start":{"line":39,"column":10},"end":{"line":39,"column":98}},"20":{"start":{"line":40,"column":10},"end":{"line":40,"column":75}},"21":{"start":{"line":48,"column":6},"end":{"line":50,"column":8}},"22":{"start":{"line":53,"column":4},"end":{"line":63,"column":21}},"23":{"start":{"line":54,"column":29},"end":{"line":58,"column":9}},"24":{"start":{"line":55,"column":26},"end":{"line":55,"column":142}},"25":{"start":{"line":56,"column":12},"end":{"line":56,"column":40}},"26":{"start":{"line":57,"column":12},"end":{"line":57,"column":36}},"27":{"start":{"line":59,"column":8},"end":{"line":62,"column":9}},"28":{"start":{"line":60,"column":10},"end":{"line":60,"column":72}},"29":{"start":{"line":61,"column":10},"end":{"line":61,"column":25}},"30":{"start":{"line":65,"column":4},"end":{"line":85,"column":6}},"31":{"start":{"line":70,"column":36},"end":{"line":70,"column":54}},"32":{"start":{"line":79,"column":41},"end":{"line":79,"column":57}},"33":{"start":{"line":88,"column":15},"end":{"line":114,"column":4}}},"fnMap":{"0":{"name":"LocationsScreen","decl":{"start":{"line":9,"column":16},"end":{"line":9,"column":31}},"loc":{"start":{"line":9,"column":39},"end":{"line":86,"column":1}},"line":9},"1":{"name":"searchFilter","decl":{"start":{"line":16,"column":13},"end":{"line":16,"column":25}},"loc":{"start":{"line":16,"column":38},"end":{"line":25,"column":5}},"line":16},"2":{"name":"(anonymous_2)","decl":{"start":{"line":18,"column":53},"end":{"line":18,"column":54}},"loc":{"start":{"line":18,"column":73},"end":{"line":20,"column":13}},"line":18},"3":{"name":"renderbuildings","decl":{"start":{"line":27,"column":13},"end":{"line":27,"column":28}},"loc":{"start":{"line":27,"column":42},"end":{"line":45,"column":5}},"line":27},"4":{"name":"(anonymous_4)","decl":{"start":{"line":29,"column":71},"end":{"line":29,"column":72}},"loc":{"start":{"line":29,"column":80},"end":{"line":41,"column":9}},"line":29},"5":{"name":"BuildingsSeperator","decl":{"start":{"line":47,"column":13},"end":{"line":47,"column":31}},"loc":{"start":{"line":47,"column":33},"end":{"line":51,"column":5}},"line":47},"6":{"name":"(anonymous_6)","decl":{"start":{"line":53,"column":14},"end":{"line":53,"column":15}},"loc":{"start":{"line":53,"column":20},"end":{"line":63,"column":7}},"line":53},"7":{"name":"(anonymous_7)","decl":{"start":{"line":54,"column":29},"end":{"line":54,"column":30}},"loc":{"start":{"line":54,"column":41},"end":{"line":58,"column":9}},"line":54},"8":{"name":"(anonymous_8)","decl":{"start":{"line":70,"column":26},"end":{"line":70,"column":27}},"loc":{"start":{"line":70,"column":36},"end":{"line":70,"column":54}},"line":70},"9":{"name":"(anonymous_9)","decl":{"start":{"line":79,"column":26},"end":{"line":79,"column":27}},"loc":{"start":{"line":79,"column":41},"end":{"line":79,"column":57}},"line":79}},"branchMap":{"0":{"loc":{"start":{"line":17,"column":8},"end":{"line":23,"column":9}},"type":"if","locations":[{"start":{"line":17,"column":8},"end":{"line":23,"column":9}},{"start":{"line":21,"column":15},"end":{"line":23,"column":9}}],"line":17},"1":{"loc":{"start":{"line":31,"column":10},"end":{"line":33,"column":11}},"type":"if","locations":[{"start":{"line":31,"column":10},"end":{"line":33,"column":11}},{"start":{},"end":{}}],"line":31},"2":{"loc":{"start":{"line":59,"column":8},"end":{"line":62,"column":9}},"type":"if","locations":[{"start":{"line":59,"column":8},"end":{"line":62,"column":9}},{"start":{},"end":{}}],"line":59}},"s":{"0":1,"1":1,"2":1,"3":1,"4":1,"5":0,"6":0,"7":0,"8":0,"9":0,"10":0,"11":0,"12":0,"13":0,"14":0,"15":0,"16":0,"17":0,"18":0,"19":0,"20":0,"21":0,"22":1,"23":0,"24":0,"25":0,"26":0,"27":0,"28":0,"29":0,"30":1,"31":0,"32":0,"33":2},"f":{"0":1,"1":0,"2":0,"3":0,"4":0,"5":0,"6":0,"7":0,"8":0,"9":0},"b":{"0":[0,0],"1":[0,0],"2":[0,0]},"_coverageSchema":"1a1c01bbd47fc00a2c39e90264f33305004495a9","hash":"4ba700d42c7c93fd0a5c5528a63c2119874dc9d4"}
,"C:\\Users\\user\\Documents\\covidhelper-app\\src\\screens\\ProfileScreen.js": {"path":"C:\\Users\\user\\Documents\\covidhelper-app\\src\\screens\\ProfileScreen.js","statementMap":{"0":{"start":{"line":11,"column":2},"end":{"line":17,"column":4}},"1":{"start":{"line":12,"column":22},"end":{"line":12,"column":52}},"2":{"start":{"line":13,"column":4},"end":{"line":16,"column":5}},"3":{"start":{"line":14,"column":7},"end":{"line":14,"column":35}},"4":{"start":{"line":15,"column":7},"end":{"line":15,"column":23}},"5":{"start":{"line":18,"column":1},"end":{"line":18,"column":12}},"6":{"start":{"line":23,"column":29},"end":{"line":23,"column":40}},"7":{"start":{"line":24,"column":33},"end":{"line":24,"column":45}},"8":{"start":{"line":25,"column":38},"end":{"line":25,"column":53}},"9":{"start":{"line":26,"column":33},"end":{"line":26,"column":45}},"10":{"start":{"line":27,"column":22},"end":{"line":27,"column":36}},"11":{"start":{"line":29,"column":4},"end":{"line":55,"column":19}},"12":{"start":{"line":30,"column":24},"end":{"line":33,"column":7}},"13":{"start":{"line":35,"column":25},"end":{"line":53,"column":7}},"14":{"start":{"line":36,"column":8},"end":{"line":52,"column":9}},"15":{"start":{"line":37,"column":33},"end":{"line":37,"column":81}},"16":{"start":{"line":38,"column":33},"end":{"line":38,"column":81}},"17":{"start":{"line":39,"column":33},"end":{"line":39,"column":81}},"18":{"start":{"line":40,"column":33},"end":{"line":40,"column":81}},"19":{"start":{"line":41,"column":33},"end":{"line":41,"column":81}},"20":{"start":{"line":42,"column":33},"end":{"line":42,"column":81}},"21":{"start":{"line":43,"column":10},"end":{"line":43,"column":76}},"22":{"start":{"line":44,"column":10},"end":{"line":44,"column":76}},"23":{"start":{"line":45,"column":10},"end":{"line":45,"column":76}},"24":{"start":{"line":46,"column":10},"end":{"line":46,"column":88}},"25":{"start":{"line":47,"column":10},"end":{"line":47,"column":88}},"26":{"start":{"line":48,"column":10},"end":{"line":48,"column":88}},"27":{"start":{"line":49,"column":10},"end":{"line":49,"column":138}},"28":{"start":{"line":51,"column":10},"end":{"line":51,"column":28}},"29":{"start":{"line":54,"column":6},"end":{"line":54,"column":20}},"30":{"start":{"line":57,"column":4},"end":{"line":89,"column":6}},"31":{"start":{"line":61,"column":10},"end":{"line":61,"column":97}},"32":{"start":{"line":66,"column":10},"end":{"line":66,"column":97}},"33":{"start":{"line":71,"column":10},"end":{"line":71,"column":97}},"34":{"start":{"line":92,"column":17},"end":{"line":138,"column":4}}},"fnMap":{"0":{"name":"removeSpace","decl":{"start":{"line":10,"column":9},"end":{"line":10,"column":20}},"loc":{"start":{"line":10,"column":25},"end":{"line":19,"column":1}},"line":10},"1":{"name":"(anonymous_1)","decl":{"start":{"line":11,"column":27},"end":{"line":11,"column":28}},"loc":{"start":{"line":11,"column":36},"end":{"line":17,"column":2}},"line":11},"2":{"name":"ProfileScreen","decl":{"start":{"line":21,"column":16},"end":{"line":21,"column":29}},"loc":{"start":{"line":21,"column":37},"end":{"line":90,"column":3}},"line":21},"3":{"name":"(anonymous_3)","decl":{"start":{"line":29,"column":14},"end":{"line":29,"column":15}},"loc":{"start":{"line":29,"column":20},"end":{"line":55,"column":5}},"line":29},"4":{"name":"(anonymous_4)","decl":{"start":{"line":30,"column":24},"end":{"line":30,"column":25}},"loc":{"start":{"line":30,"column":36},"end":{"line":33,"column":7}},"line":30},"5":{"name":"(anonymous_5)","decl":{"start":{"line":35,"column":25},"end":{"line":35,"column":26}},"loc":{"start":{"line":35,"column":37},"end":{"line":53,"column":7}},"line":35},"6":{"name":"(anonymous_6)","decl":{"start":{"line":60,"column":55},"end":{"line":60,"column":56}},"loc":{"start":{"line":60,"column":59},"end":{"line":62,"column":9}},"line":60},"7":{"name":"(anonymous_7)","decl":{"start":{"line":65,"column":55},"end":{"line":65,"column":56}},"loc":{"start":{"line":65,"column":59},"end":{"line":67,"column":9}},"line":65},"8":{"name":"(anonymous_8)","decl":{"start":{"line":70,"column":55},"end":{"line":70,"column":56}},"loc":{"start":{"line":70,"column":59},"end":{"line":72,"column":9}},"line":70}},"branchMap":{"0":{"loc":{"start":{"line":13,"column":4},"end":{"line":16,"column":5}},"type":"if","locations":[{"start":{"line":13,"column":4},"end":{"line":16,"column":5}},{"start":{},"end":{}}],"line":13},"1":{"loc":{"start":{"line":43,"column":29},"end":{"line":43,"column":76}},"type":"cond-expr","locations":[{"start":{"line":43,"column":55},"end":{"line":43,"column":73}},{"start":{"line":43,"column":74},"end":{"line":43,"column":76}}],"line":43},"2":{"loc":{"start":{"line":44,"column":29},"end":{"line":44,"column":76}},"type":"cond-expr","locations":[{"start":{"line":44,"column":55},"end":{"line":44,"column":73}},{"start":{"line":44,"column":74},"end":{"line":44,"column":76}}],"line":44},"3":{"loc":{"start":{"line":45,"column":29},"end":{"line":45,"column":76}},"type":"cond-expr","locations":[{"start":{"line":45,"column":55},"end":{"line":45,"column":73}},{"start":{"line":45,"column":74},"end":{"line":45,"column":76}}],"line":45},"4":{"loc":{"start":{"line":46,"column":29},"end":{"line":46,"column":88}},"type":"cond-expr","locations":[{"start":{"line":46,"column":55},"end":{"line":46,"column":73}},{"start":{"line":46,"column":74},"end":{"line":46,"column":88}}],"line":46},"5":{"loc":{"start":{"line":47,"column":29},"end":{"line":47,"column":88}},"type":"cond-expr","locations":[{"start":{"line":47,"column":55},"end":{"line":47,"column":73}},{"start":{"line":47,"column":74},"end":{"line":47,"column":88}}],"line":47},"6":{"loc":{"start":{"line":48,"column":29},"end":{"line":48,"column":88}},"type":"cond-expr","locations":[{"start":{"line":48,"column":55},"end":{"line":48,"column":73}},{"start":{"line":48,"column":74},"end":{"line":48,"column":88}}],"line":48}},"s":{"0":0,"1":0,"2":0,"3":0,"4":0,"5":0,"6":1,"7":1,"8":1,"9":1,"10":1,"11":1,"12":0,"13":0,"14":0,"15":0,"16":0,"17":0,"18":0,"19":0,"20":0,"21":0,"22":0,"23":0,"24":0,"25":0,"26":0,"27":0,"28":0,"29":0,"30":1,"31":0,"32":0,"33":0,"34":2},"f":{"0":0,"1":0,"2":1,"3":0,"4":0,"5":0,"6":0,"7":0,"8":0},"b":{"0":[0,0],"1":[0,0],"2":[0,0],"3":[0,0],"4":[0,0],"5":[0,0],"6":[0,0]},"_coverageSchema":"1a1c01bbd47fc00a2c39e90264f33305004495a9","hash":"265cf3456e395d3100dc98ccaab84330ddb8e056"}
[...]
n":50},"end":{"line":16,"column":1}},"line":9},"1":{"name":"ReportScreen","decl":{"start":{"line":18,"column":17},"end":{"line":18,"column":29}},"loc":{"start":{"line":18,"column":36},"end":{"line":251,"column":1}},"line":18},"2":{"name":"fillInReport","decl":{"start":{"line":28,"column":13},"end":{"line":28,"column":25}},"loc":{"start":{"line":28,"column":27},"end":{"line":81,"column":5}},"line":28},"3":{"name":"(anonymous_3)","decl":{"start":{"line":33,"column":37},"end":{"line":33,"column":38}},"loc":{"start":{"line":33,"column":47},"end":{"line":79,"column":9}},"line":33},"4":{"name":"clickUp","decl":{"start":{"line":83,"column":13},"end":{"line":83,"column":20}},"loc":{"start":{"line":83,"column":22},"end":{"line":100,"column":5}},"line":83},"5":{"name":"clickDown","decl":{"start":{"line":102,"column":13},"end":{"line":102,"column":22}},"loc":{"start":{"line":102,"column":24},"end":{"line":119,"column":5}},"line":102},"6":{"name":"BuildingsSeperator","decl":{"start":{"line":121,"column":13},"end":{"line":121,"column":31}},"loc":{"start":{"line":121,"column":33},"end":{"line":125,"column":5}},"line":121},"7":{"name":"renderbuildings","decl":{"start":{"line":126,"column":13},"end":{"line":126,"column":28}},"loc":{"start":{"line":126,"column":42},"end":{"line":130,"column":7}},"line":126},"8":{"name":"(anonymous_8)","decl":{"start":{"line":133,"column":14},"end":{"line":133,"column":15}},"loc":{"start":{"line":133,"column":18},"end":{"line":216,"column":5}},"line":133},"9":{"name":"(anonymous_9)","decl":{"start":{"line":134,"column":27},"end":{"line":134,"column":28}},"loc":{"start":{"line":134,"column":39},"end":{"line":166,"column":11}},"line":134},"10":{"name":"(anonymous_10)","decl":{"start":{"line":168,"column":35},"end":{"line":168,"column":36}},"loc":{"start":{"line":168,"column":44},"end":{"line":174,"column":11}},"line":168},"11":{"name":"(anonymous_11)","decl":{"start":{"line":175,"column":40},"end":{"line":175,"column":41}},"loc":{"start":{"line":175,"column":49},"end":{"line":181,"column":11}},"line":175},"12":{"name":"(anonymous_12)","decl":{"start":{"line":183,"column":33},"end":{"line":183,"column":34}},"loc":{"start":{"line":183,"column":43},"end":{"line":203,"column":11}},"line":183},"13":{"name":"(anonymous_13)","decl":{"start":{"line":205,"column":31},"end":{"line":205,"column":32}},"loc":{"start":{"line":205,"column":40},"end":{"line":210,"column":11}},"line":205},"14":{"name":"(anonymous_14)","decl":{"start":{"line":218,"column":14},"end":{"line":218,"column":15}},"loc":{"start":{"line":218,"column":20},"end":{"line":221,"column":5}},"line":218},"15":{"name":"(anonymous_15)","decl":{"start":{"line":243,"column":26},"end":{"line":243,"column":27}},"loc":{"start":{"line":243,"column":41},"end":{"line":243,"column":57}},"line":243},"16":{"name":"(anonymous_16)","decl":{"start":{"line":247,"column":33},"end":{"line":247,"column":34}},"loc":{"start":{"line":247,"column":37},"end":{"line":247,"column":141}},"line":247}},"branchMap":{"0":{"loc":{"start":{"line":10,"column":4},"end":{"line":15,"column":5}},"type":"if","locations":[{"start":{"line":10,"column":4},"end":{"line":15,"column":5}},{"start":{"line":13,"column":8},"end":{"line":15,"column":5}}],"line":10},"1":{"loc":{"start":{"line":11,"column":15},"end":{"line":11,"column":43}},"type":"cond-expr","locations":[{"start":{"line":11,"column":33},"end":{"line":11,"column":37}},{"start":{"line":11,"column":38},"end":{"line":11,"column":43}}],"line":11},"2":{"loc":{"start":{"line":14,"column":15},"end":{"line":14,"column":43}},"type":"cond-expr","locations":[{"start":{"line":14,"column":33},"end":{"line":14,"column":37}},{"start":{"line":14,"column":38},"end":{"line":14,"column":43}}],"line":14},"3":{"loc":{"start":{"line":30,"column":8},"end":{"line":32,"column":9}},"type":"if","locations":[{"start":{"line":30,"column":8},"end":{"line":32,"column":9}},{"start":{},"end":{}}],"line":30},"4":{"loc":{"start":{"line":36,"column":12},"end":{"line":67,"column":13}},"type":"switch","locations":[{"start":{"line":37,"column":16},"end":{"line":43,"column":26}},{"start":{"line":44,"column":16},"end":{"line":50,"column":26}},{"start":{"line":51,"column":16},"end":{"line":57,"column":26}},{"start":{"line":58,"column":16},"end":{"line":66,"column":26}}],"line":36},"5":{"loc":{"start":{"line":40,"column":20},"end":{"line":42,"column":21}},"type":"if","locations":[{"start":{"line":40,"column":20},"end":{"line":42,"column":21}},{"start":{},"end":{}}],"line":40},"6":{"loc":{"start":{"line":40,"column":23},"end":{"line":40,"column":83}},"type":"binary-expr","locations":[{"start":{"line":40,"column":23},"end":{"line":40,"column":54}},{"start":{"line":40,"column":56},"end":{"line":40,"column":83}}],"line":40},"7":{"loc":{"start":{"line":47,"column":20},"end":{"line":49,"column":21}},"type":"if","locations":[{"start":{"line":47,"column":20},"end":{"line":49,"column":21}},{"start":{},"end":{}}],"line":47},"8":{"loc":{"start":{"line":47,"column":23},"end":{"line":47,"column":83}},"type":"binary-expr","locations":[{"start":{"line":47,"column":23},"end":{"line":47,"column":54}},{"start":{"line":47,"column":56},"end":{"line":47,"column":83}}],"line":47},"9":{"loc":{"start":{"line":54,"column":20},"end":{"line":56,"column":21}},"type":"if","locations":[{"start":{"line":54,"column":20},"end":{"line":56,"column":21}},{"start":{},"end":{}}],"line":54},"10":{"loc":{"start":{"line":54,"column":23},"end":{"line":54,"column":83}},"type":"binary-expr","locations":[{"start":{"line":54,"column":23},"end":{"line":54,"column":54}},{"start":{"line":54,"column":56},"end":{"line":54,"column":83}}],"line":54},"11":{"loc":{"start":{"line":62,"column":24},"end":{"line":64,"column":25}},"type":"if","locations":[{"start":{"line":62,"column":24},"end":{"line":64,"column":25}},{"start":{},"end":{}}],"line":62},"12":{"loc":{"start":{"line":62,"column":27},"end":{"line":62,"column":58}},"type":"binary-expr","locations":[{"start":{"line":62,"column":27},"end":{"line":62,"column":41}},{"start":{"line":62,"column":43},"end":{"line":62,"column":58}}],"line":62},"13":{"loc":{"start":{"line":68,"column":12},"end":{"line":78,"column":13}},"type":"if","locations":[{"start":{"line":68,"column":12},"end":{"line":78,"column":13}},{"start":{},"end":{}}],"line":68},"14":{"loc":{"start":{"line":68,"column":15},"end":{"line":68,"column":46}},"type":"binary-expr","locations":[{"start":{"line":68,"column":15},"end":{"line":68,"column":29}},{"start":{"line":68,"column":31},"end":{"line":68,"column":46}}],"line":68},"15":{"loc":{"start":{"line":69,"column":16},"end":{"line":75,"column":17}},"type":"if","locations":[{"start":{"line":69,"column":16},"end":{"line":75,"column":17}},{"start":{"line":73,"column":20},"end":{"line":75,"column":17}}],"line":69},"16":{"loc":{"start":{"line":84,"column":8},"end":{"line":99,"column":9}},"type":"if","locations":[{"start":{"line":84,"column":8},"end":{"line":99,"column":9}},{"start":{"line":88,"column":13},"end":{"line":99,"column":9}}],"line":84},"17":{"loc":{"start":{"line":84,"column":11},"end":{"line":84,"column":45}},"type":"binary-expr","locations":[{"start":{"line":84,"column":11},"end":{"line":84,"column":27}},{"start":{"line":84,"column":29},"end":{"line":84,"column":45}}],"line":84},"18":{"loc":{"start":{"line":88,"column":13},"end":{"line":99,"column":9}},"type":"if","locations":[{"start":{"line":88,"column":13},"end":{"line":99,"column":9}},{"start":{"line":92,"column":13},"end":{"line":99,"column":9}}],"line":88},"19":{"loc":{"start":{"line":92,"column":13},"end":{"line":99,"column":9}},"type":"if","locations":[{"start":{"line":92,"column":13},"end":{"line":99,"column":9}},{"start":{"line":96,"column":13},"end":{"line":99,"column":9}}],"line":92},"20":{"loc":{"start":{"line":96,"column":13},"end":{"line":99,"column":9}},"type":"if","locations":[{"start":{"line":96,"column":13},"end":{"line":99,"column":9}},{"start":{},"end":{}}],"line":96},"21":{"loc":{"start":{"line":103,"column":8},"end":{"line":118,"column":9}},"type":"if","locations":[{"start":{"line":103,"column":8},"end":{"line":118,"column":9}},{"start":{"line":107,"column":13},"end":{"line":118,"column":9}}],"line":103},"22":{"loc":{"start":{"line":107,"column":13},"end":{"line":118,"column":9}},"type":"if","locations":[{"start":{"line":107,"column":13},"end":{"line":118,"column":9}},{"start":{"line":111,"column":13},"end":{"line":118,"column":9}}],"line":107},"23":{"loc":{"start":{"line":111,"column":13},"end":{"line":118,"column":9}},"type":"if","locations":[{"start":{"line":111,"column":13},"end":{"line":118,"column":9}},{"start":{"line":115,"column":13},"end":{"line":118,"column":9}}],"line":111},"24":{"loc":{"start":{"line":115,"column":13},"end":{"line":118,"column":9}},"type":"if","locations":[{"start":{"line":115,"column":13},"end":{"line":118,"column":9}},{"start":{},"end":{}}],"line":115},"25":{"loc":{"start":{"line":115,"column":16},"end":{"line":115,"column":50}},"type":"binary-expr","locations":[{"start":{"line":115,"column":16},"end":{"line":115,"column":32}},{"start":{"line":115,"column":34},"end":{"line":115,"column":50}}],"line":115},"26":{"loc":{"start":{"line":148,"column":35},"end":{"line":148,"column":86}},"type":"cond-expr","locations":[{"start":{"line":148,"column":61},"end":{"line":148,"column":79}},{"start":{"line":148,"column":80},"end":{"line":148,"column":86}}],"line":148},"27":{"loc":{"start":{"line":149,"column":35},"end":{"line":149,"column":86}},"type":"cond-expr","locations":[{"start":{"line":149,"column":61},"end":{"line":149,"column":79}},{"start":{"line":149,"column":80},"end":{"line":149,"column":86}}],"line":149},"28":{"loc":{"start":{"line":150,"column":35},"end":{"line":150,"column":86}},"type":"cond-expr","locations":[{"start":{"line":150,"column":61},"end":{"line":150,"column":79}},{"start":{"line":150,"column":80},"end":{"line":150,"column":86}}],"line":150},"29":{"loc":{"start":{"line":151,"column":35},"end":{"line":151,"column":82}},"type":"cond-expr","locations":[{"start":{"line":151,"column":61},"end":{"line":151,"column":79}},{"start":{"line":151,"column":80},"end":{"line":151,"column":82}}],"line":151},"30":{"loc":{"start":{"line":152,"column":35},"end":{"line":152,"column":82}},"type":"cond-expr","locations":[{"start":{"line":152,"column":61},"end":{"line":152,"column":79}},{"start":{"line":152,"column":80},"end":{"line":152,"column":82}}],"line":152},"31":{"loc":{"start":{"line":153,"column":35},"end":{"line":153,"column":82}},"type":"cond-expr","locations":[{"start":{"line":153,"column":61},"end":{"line":153,"column":79}},{"start":{"line":153,"column":80},"end":{"line":153,"column":82}}],"line":153},"32":{"loc":{"start":{"line":154,"column":35},"end":{"line":154,"column":83}},"type":"cond-expr","locations":[{"start":{"line":154,"column":62},"end":{"line":154,"column":80}},{"start":{"line":154,"column":81},"end":{"line":154,"column":83}}],"line":154},"33":{"loc":{"start":{"line":155,"column":35},"end":{"line":155,"column":83}},"type":"cond-expr","locations":[{"start":{"line":155,"column":62},"end":{"line":155,"column":80}},{"start":{"line":155,"column":81},"end":{"line":155,"column":83}}],"line":155},"34":{"loc":{"start":{"line":156,"column":35},"end":{"line":156,"column":83}},"type":"cond-expr","locations":[{"start":{"line":156,"column":62},"end":{"line":156,"column":80}},{"start":{"line":156,"column":81},"end":{"line":156,"column":83}}],"line":156},"35":{"loc":{"start":{"line":157,"column":36},"end":{"line":157,"column":86}},"type":"cond-expr","locations":[{"start":{"line":157,"column":64},"end":{"line":157,"column":83}},{"start":{"line":157,"column":84},"end":{"line":157,"column":86}}],"line":157},"36":{"loc":{"start":{"line":158,"column":36},"end":{"line":158,"column":86}},"type":"cond-expr","locations":[{"start":{"line":158,"column":64},"end":{"line":158,"column":83}},{"start":{"line":158,"column":84},"end":{"line":158,"column":86}}],"line":158},"37":{"loc":{"start":{"line":159,"column":36},"end":{"line":159,"column":86}},"type":"cond-expr","locations":[{"start":{"line":159,"column":64},"end":{"line":159,"column":83}},{"start":{"line":159,"column":84},"end":{"line":159,"column":86}}],"line":159},"38":{"loc":{"start":{"line":184,"column":12},"end":{"line":202,"column":13}},"type":"if","locations":[{"start":{"line":184,"column":12},"end":{"line":202,"column":13}},{"start":{"line":188,"column":17},"end":{"line":202,"column":13}}],"line":184},"39":{"loc":{"start":{"line":184,"column":15},"end":{"line":184,"column":92}},"type":"binary-expr","locations":[{"start":{"line":184,"column":15},"end":{"line":184,"column":32}},{"start":{"line":184,"column":34},"end":{"line":184,"column":51}},{"start":{"line":184,"column":53},"end":{"line":184,"column":72}},{"start":{"line":184,"column":74},"end":{"line":184,"column":92}}],"line":184},"40":{"loc":{"start":{"line":188,"column":17},"end":{"line":202,"column":13}},"type":"if","locations":[{"start":{"line":188,"column":17},"end":{"line":202,"column":13}},{"start":{"line":192,"column":17},"end":{"line":202,"column":13}}],"line":188},"41":{"loc":{"start":{"line":188,"column":20},"end":{"line":188,"column":98}},"type":"binary-expr","locations":[{"start":{"line":188,"column":20},"end":{"line":188,"column":37}},{"start":{"line":188,"column":39},"end":{"line":188,"column":56}},{"start":{"line":188,"column":58},"end":{"line":188,"column":77}},{"start":{"line":188,"column":79},"end":{"line":188,"column":98}}],"line":188},"42":{"loc":{"start":{"line":192,"column":17},"end":{"line":202,"column":13}},"type":"if","locations":[{"start":{"line":192,"column":17},"end":{"line":202,"column":13}},{"start":{"line":196,"column":17},"end":{"line":202,"column":13}}],"line":192},"43":{"loc":{"start":{"line":192,"column":20},"end":{"line":192,"column":100}},"type":"binary-expr","locations":[{"start":{"line":192,"column":20},"end":{"line":192,"column":37}},{"start":{"line":192,"column":39},"end":{"line":192,"column":56}},{"start":{"line":192,"column":58},"end":{"line":192,"column":78}},{"start":{"line":192,"column":80},"end":{"line":192,"column":100}}],"line":192},"44":{"loc":{"start":{"line":196,"column":17},"end":{"line":202,"column":13}},"type":"if","locations":[{"start":{"line":196,"column":17},"end":{"line":202,"column":13}},{"start":{"line":200,"column":16},"end":{"line":202,"column":13}}],"line":196},"45":{"loc":{"start":{"line":212,"column":10},"end":{"line":214,"column":11}},"type":"if","locations":[{"start":{"line":212,"column":10},"end":{"line":214,"column":11}},{"start":{},"end":{}}],"line":212}},"s":{"0":0,"1":0,"2":0,"3":1,"4":1,"5":1,"6":1,"7":1,"8":1,"9":1,"10":1,"11":0,"12":0,"13":0,"14":0,"15":0,"16":0,"17":0,"18":0,"19":0,"20":0,"21":0,"22":0,"23":0,"24":0,"25":0,"26":0,"27":0,"28":0,"29":0,"30":0,"31":0,"32":0,"33":0,"34":0,"35":0,"36":0,"37":0,"38":0,"39":0,"40":0,"41":0,"42":0,"43":0,"44":0,"45":0,"46":0,"47":0,"48":0,"49":0,"50":0,"51":0,"52":0,"53":0,"54":0,"55":0,"56":0,"57":0,"58":0,"59":0,"60":0,"61":0,"62":0,"63":0,"64":0,"65":0,"66":0,"67":0,"68":0,"69":0,"70":1,"71":0,"72":1,"73":0,"74":0,"75":0,"76":0,"77":0,"78":0,"79":0,"80":0,"81":0,"82":0,"83":0,"84":0,"85":0,"86":0,"87":0,"88":0,"89":0,"90":0,"91":0,"92":0,"93":0,"94":0,"95":0,"96":0,"97":0,"98":0,"99":0,"100":0,"101":0,"102":0,"103":0,"104":0,"105":0,"106":0,"107":0,"108":0,"109":0,"110":0,"111":0,"112":0,"113":0,"114":0,"115":0,"116":0,"117":0,"118":0,"119":0,"120":0,"121":0,"122":0,"123":0,"124":0,"125":0,"126":0,"127":0,"128":0,"129":1,"130":0,"131":0,"132":1,"133":0,"134":1,"135":2},"f":{"0":0,"1":1,"2":0,"3":0,"4":0,"5":0,"6":1,"7":0,"8":0,"9":0,"10":0,"11":0,"12":0,"13":0,"14":0,"15":0,"16":1},"b":{"0":[0,0],"1":[0,0],"2":[0,0],"3":[0,0],"4":[0,0,0,0],"5":[0,0],"6":[0,0],"7":[0,0],"8":[0,0],"9":[0,0],"10":[0,0],"11":[0,0],"12":[0,0],"13":[0,0],"14":[0,0],"15":[0,0],"16":[0,0],"17":[0,0],"18":[0,0],"19":[0,0],"20":[0,0],"21":[0,0],"22":[0,0],"23":[0,0],"24":[0,0],"25":[0,0],"26":[0,0],"27":[0,0],"28":[0,0],"29":[0,0],"30":[0,0],"31":[0,0],"32":[0,0],"33":[0,0],"34":[0,0],"35":[0,0],"36":[0,0],"37":[0,0],"38":[0,0],"39":[0,0,0,0],"40":[0,0],"41":[0,0,0,0],"42":[0,0],"43":[0,0,0,0],"44":[0,0],"45":[0,0]},"_coverageSchema":"1a1c01bbd47fc00a2c39e90264f33305004495a9","hash":"436938c4b925104b9ecc9e7b7bf3c2757ad76eb3"}
,"C:\\Users\\user\\Documents\\covidhelper-app\\src\\services\\AxiosGet.js": {"path":"C:\\Users\\user\\Documents\\covidhelper-app\\src\\services\\AxiosGet.js","statementMap":{"0":{"start":{"line":5,"column":4},"end":{"line":25,"column":5}},"1":{"start":{"line":6,"column":21},"end":{"line":6,"column":25}},"2":{"start":{"line":7,"column":8},"end":{"line":12,"column":9}},"3":{"start":{"line":8,"column":10},"end":{"line":8,"column":85}},"4":{"start":{"line":11,"column":10},"end":{"line":11,"column":42}},"5":{"start":{"line":13,"column":8},"end":{"line":13,"column":67}},"6":{"start":{"line":14,"column":8},"end":{"line":14,"column":29}},"7":{"start":{"line":16,"column":6},"end":{"line":16,"column":48}},"8":{"start":{"line":17,"column":8},"end":{"line":23,"column":11}},"9":{"start":{"line":18,"column":10},"end":{"line":18,"column":99}},"10":{"start":{"line":19,"column":17},"end":{"line":23,"column":11}},"11":{"start":{"line":20,"column":12},"end":{"line":20,"column":42}},"12":{"start":{"line":22,"column":12},"end":{"line":22,"column":42}},"13":{"start":{"line":24,"column":10},"end":{"line":24,"column":39}}},"fnMap":{"0":{"name":"axiosGet","decl":{"start":{"line":4,"column":22},"end":{"line":4,"column":30}},"loc":{"start":{"line":4,"column":41},"end":{"line":26,"column":1}},"line":4}},"branchMap":{"0":{"loc":{"start":{"line":7,"column":8},"end":{"line":12,"column":9}},"type":"if","locations":[{"start":{"line":7,"column":8},"end":{"line":12,"column":9}},{"start":{"line":10,"column":12},"end":{"line":12,"column":9}}],"line":7},"1":{"loc":{"start":{"line":17,"column":8},"end":{"line":23,"column":11}},"type":"if","locations":[{"start":{"line":17,"column":8},"end":{"line":23,"column":11}},{"start":{"line":19,"column":17},"end":{"line":23,"column":11}}],"line":17},"2":{"loc":{"start":{"line":19,"column":17},"end":{"line":23,"column":11}},"type":"if","locations":[{"start":{"line":19,"column":17},"end":{"line":23,"column":11}},{"start":{"line":21,"column":17},"end":{"line":23,"column":11}}],"line":19}},"s":{"0":4,"1":4,"2":4,"3":0,"4":4,"5":4,"6":4,"7":0,"8":0,"9":0,"10":0,"11":0,"12":0,"13":0},"f":{"0":4},"b":{"0":[0,4],"1":[0,0],"2":[0,0]},"_coverageSchema":"1a1c01bbd47fc00a2c39e90264f33305004495a9","hash":"ab38d4f04775ef0e0343b1e347774f4103eb64bd"}
,"C:\\Users\\user\\Documents\\covidhelper-app\\src\\services\\RequestCasesNumber.js": {"path":"C:\\Users\\user\\Documents\\covidhelper-app\\src\\services\\RequestCasesNumber.js","statementMap":{"0":{"start":{"line":4,"column":13},"end":{"line":4,"column":25}},"1":{"start":{"line":5,"column":4},"end":{"line":7,"column":5}},"2":{"start":{"line":6,"column":8},"end":{"line":6,"column":21}},"3":{"start":{"line":8,"column":14},"end":{"line":8,"column":29}},"4":{"start":{"line":9,"column":4},"end":{"line":11,"column":5}},"5":{"start":{"line":10,"column":8},"end":{"line":10,"column":23}},"6":{"start":{"line":12,"column":4},"end":{"line":12,"column":345}}},"fnMap":{"0":{"name":"RequestCasesNumber","decl":{"start":{"line":3,"column":22},"end":{"line":3,"column":40}},"loc":{"start":{"line":3,"column":44},"end":{"line":13,"column":1}},"line":3}},"branchMap":{"0":{"loc":{"start":{"line":5,"column":4},"end":{"line":7,"column":5}},"type":"if","locations":[{"start":{"line":5,"column":4},"end":{"line":7,"column":5}},{"start":{},"end":{}}],"line":5},"1":{"loc":{"start":{"line":9,"column":4},"end":{"line":11,"column":5}},"type":"if","locations":[{"start":{"line":9,"column":4},"end":{"line":11,"column":5}},{"start":{},"end":{}}],"line":9}},"s":{"0":3,"1":3,"2":0,"3":3,"4":3,"5":3,"6":3},"f":{"0":3},"b":{"0":[0,3],"1":[3,0]},"_coverageSchema":"1a1c01bbd47fc00a2c39e90264f33305004495a9","hash":"001af992dff0b420a6be9b478e0e29b16f87a2fd"}
}
