TN:
SF:App.js
FN:25,App
FN:33,(anonymous_1)
FN:36,(anonymous_2)
FN:39,(anonymous_3)
FN:71,DrawerScreen
FN:74,(anonymous_5)
FN:80,CHScreen
FN:93,(anonymous_7)
FN:100,(anonymous_8)
FNF:9
FNH:1
FNDA:2,App
FNDA:0,(anonymous_1)
FNDA:0,(anonymous_2)
FNDA:0,(anonymous_3)
FNDA:0,DrawerScreen
FNDA:0,(anonymous_5)
FNDA:0,CHScreen
FNDA:0,(anonymous_7)
FNDA:0,(anonymous_8)
DA:19,1
DA:20,1
DA:21,1
DA:22,1
DA:26,2
DA:27,2
DA:30,1
DA:34,0
DA:37,0
DA:38,0
DA:39,0
DA:40,0
DA:43,0
DA:44,0
DA:45,0
DA:72,0
DA:74,0
DA:81,0
DA:93,1
DA:100,1
LF:20
LH:9
BRDA:43,0,0,0
BRDA:43,0,1,0
BRF:2
BRH:0
end_of_record
TN:
SF:JestSetup.js
FN:21,(anonymous_0)
FN:23,(anonymous_1)
FN:23,(anonymous_2)
FN:32,(anonymous_3)
FN:40,mock
FN:47,(anonymous_5)
FN:65,mockProperties
FN:78,mockByMockDefinition
FN:93,(anonymous_8)
FN:98,(anonymous_9)
FN:100,(anonymous_10)
FN:109,(anonymous_11)
FN:110,(anonymous_12)
FN:111,(anonymous_13)
FN:112,(anonymous_14)
FN:113,(anonymous_15)
FN:114,(anonymous_16)
FN:115,(anonymous_17)
FN:116,(anonymous_18)
FN:117,(anonymous_19)
FN:118,(anonymous_20)
FN:119,(anonymous_21)
FN:128,(anonymous_22)
FN:130,(anonymous_23)
FN:131,(anonymous_24)
FN:146,(anonymous_25)
FN:150,(anonymous_26)
FN:152,(anonymous_27)
FN:153,(anonymous_28)
FN:156,(anonymous_29)
FN:159,(anonymous_30)
FN:162,(anonymous_31)
FN:168,(anonymous_32)
FN:183,(anonymous_33)
FNF:34
FNH:0
FNDA:0,(anonymous_0)
FNDA:0,(anonymous_1)
FNDA:0,(anonymous_2)
FNDA:0,(anonymous_3)
FNDA:0,mock
FNDA:0,(anonymous_5)
FNDA:0,mockProperties
FNDA:0,mockByMockDefinition
FNDA:0,(anonymous_8)
FNDA:0,(anonymous_9)
FNDA:0,(anonymous_10)
FNDA:0,(anonymous_11)
FNDA:0,(anonymous_12)
FNDA:0,(anonymous_13)
FNDA:0,(anonymous_14)
FNDA:0,(anonymous_15)
FNDA:0,(anonymous_16)
FNDA:0,(anonymous_17)
FNDA:0,(anonymous_18)
FNDA:0,(anonymous_19)
FNDA:0,(anonymous_20)
FNDA:0,(anonymous_21)
FNDA:0,(anonymous_22)
FNDA:0,(anonymous_23)
FNDA:0,(anonymous_24)
FNDA:0,(anonymous_25)
FNDA:0,(anonymous_26)
FNDA:0,(anonymous_27)
FNDA:0,(anonymous_28)
FNDA:0,(anonymous_29)
FNDA:0,(anonymous_30)
FNDA:0,(anonymous_31)
FNDA:0,(anonymous_32)
FNDA:0,(anonymous_33)
DA:7,0
DA:9,0
DA:10,0
DA:13,0
DA:14,0
DA:15,0
DA:18,0
DA:21,0
DA:23,0
DA:26,0
DA:27,0
DA:29,0
DA:32,0
DA:35,0
DA:41,0
DA:43,0
DA:44,0
DA:45,0
DA:46,0
DA:47,0
DA:49,0
DA:51,0
DA:52,0
DA:53,0
DA:54,0
DA:55,0
DA:56,0
DA:57,0
DA:58,0
DA:60,0
DA:62,0
DA:66,0
DA:67,0
DA:68,0
DA:70,0
DA:73,0
DA:75,0
DA:79,0
DA:80,0
DA:81,0
DA:83,0
DA:86,0
DA:87,0
DA:88,0
DA:90,0
DA:93,0
DA:97,0
DA:99,0
DA:100,0
DA:108,0
DA:109,0
DA:110,0
DA:111,0
DA:112,0
DA:113,0
DA:114,0
DA:115,0
DA:116,0
DA:117,0
DA:118,0
DA:119,0
DA:123,0
DA:124,0
DA:128,0
DA:130,0
DA:131,0
DA:146,0
DA:147,0
DA:150,0
DA:152,0
DA:167,0
DA:168,0
DA:169,0
DA:170,0
DA:179,0
DA:180,0
DA:181,0
DA:182,0
DA:183,0
DA:188,0
DA:192,0
DA:193,0
DA:198,0
LF:83
LH:0
BRDA:13,0,0,0
BRDA:13,0,1,0
BRDA:43,1,0,0
BRDA:43,1,1,0
BRDA:45,2,0,0
BRDA:45,2,1,0
BRDA:46,3,0,0
BRDA:46,3,1,0
BRDA:51,4,0,0
BRDA:51,4,1,0
BRDA:53,5,0,0
BRDA:53,5,1,0
BRDA:55,6,0,0
BRDA:55,6,1,0
BRDA:57,7,0,0
BRDA:57,7,1,0
BRDA:70,8,0,0
BRDA:70,8,1,0
BRDA:70,9,0,0
BRDA:70,9,1,0
BRDA:123,10,0,0
BRDA:123,10,1,0
BRDA:182,11,0,0
BRDA:182,11,1,0
BRDA:192,12,0,0
BRDA:192,12,1,0
BRF:26
BRH:0
end_of_record
TN:
SF:src\common\Debounce.js
FN:1,debounce
FN:3,(anonymous_1)
FNF:2
FNH:0
FNDA:0,debounce
FNDA:0,(anonymous_1)
DA:2,0
DA:3,0
DA:4,0
DA:5,0
DA:7,0
LF:5
LH:0
BRDA:4,0,0,0
BRDA:4,0,1,0
BRF:2
BRH:0
end_of_record
TN:
SF:src\common\EmptyCheck.js
FN:1,emptyCheck
FNF:1
FNH:1
FNDA:12,emptyCheck
DA:2,12
DA:3,0
DA:5,12
LF:3
LH:2
BRDA:2,0,0,0
BRDA:2,0,1,12
BRDA:2,1,0,12
BRDA:2,1,1,0
BRDA:2,1,2,12
BRDA:5,2,0,10
BRDA:5,2,1,2
BRF:7
BRH:5
end_of_record
TN:
SF:src\common\LatestCases.js
FN:5,removeHyphenSpace
FN:7,(anonymous_1)
FN:7,(anonymous_2)
FN:12,LatestCases
FNF:4
FNH:4
FNDA:3,removeHyphenSpace
FNDA:3,(anonymous_1)
FNDA:36,(anonymous_2)
FNDA:1,LatestCases
DA:6,3
DA:7,36
DA:9,3
DA:13,1
DA:14,1
DA:15,1
DA:16,1
DA:17,1
DA:18,1
DA:19,1
DA:20,1
DA:21,1
DA:22,1
DA:23,0
DA:24,0
DA:25,0
DA:26,0
DA:29,1
DA:30,1
DA:31,1
DA:32,1
DA:34,1
DA:35,1
DA:37,0
LF:24
LH:19
BRDA:6,0,0,3
BRDA:6,0,1,0
BRDA:22,1,0,0
BRDA:22,1,1,1
BRF:4
BRH:2
end_of_record
TN:
SF:src\common\Logging.js
FN:6,(anonymous_0)
FN:34,Logging
FNF:2
FNH:1
FNDA:0,(anonymous_0)
FNDA:6,Logging
DA:6,11
DA:7,0
DA:8,0
DA:9,0
DA:10,0
DA:12,0
DA:13,0
DA:17,11
DA:35,6
DA:36,6
DA:38,0
DA:39,0
DA:41,6
DA:42,6
DA:44,0
DA:45,0
DA:47,0
DA:48,0
LF:18
LH:6
BRDA:8,0,0,0
BRDA:8,0,1,0
BRDA:9,1,0,0
BRDA:9,1,1,0
BRDA:36,2,0,0
BRDA:36,2,1,6
BRDA:36,2,2,0
BRDA:36,2,3,0
BRF:8
BRH:1
end_of_record
TN:
SF:src\common\RequestLocationPermission.js
FN:4,RequestLocationPermission
FNF:1
FNH:0
FNDA:0,RequestLocationPermission
DA:5,0
DA:49,0
DA:50,0
DA:52,0
DA:53,0
LF:5
LH:0
BRDA:49,0,0,0
BRDA:49,0,1,0
BRF:2
BRH:0
end_of_record
TN:
SF:src\common\Throttle.js
FN:1,throttle
FN:3,(anonymous_1)
FN:8,(anonymous_2)
FNF:3
FNH:0
FNDA:0,throttle
FNDA:0,(anonymous_1)
FNDA:0,(anonymous_2)
DA:2,0
DA:3,0
DA:4,0
DA:5,0
DA:7,0
DA:8,0
DA:9,0
DA:10,0
LF:8
LH:0
BRDA:4,0,0,0
BRDA:4,0,1,0
BRF:2
BRH:0
end_of_record
TN:
SF:src\common\URLWithDeviceInfo.js
FN:6,URLWithDeviceInfo
FNF:1
FNH:0
FNDA:0,URLWithDeviceInfo
DA:7,0
DA:8,0
DA:9,0
DA:10,0
DA:12,0
DA:13,0
DA:15,0
DA:16,0
LF:8
LH:0
BRDA:9,0,0,0
BRDA:9,0,1,0
BRDA:12,1,0,0
BRDA:12,1,1,0
BRDA:15,2,0,0
BRDA:15,2,1,0
BRF:6
BRH:0
end_of_record
TN:
SF:src\common\Wait.js
FN:1,wait
FN:2,(anonymous_1)
FN:3,(anonymous_2)
FNF:3
FNH:0
FNDA:0,wait
FNDA:0,(anonymous_1)
FNDA:0,(anonymous_2)
DA:2,0
DA:3,0
DA:4,0
DA:5,0
LF:4
LH:0
BRF:0
BRH:0
end_of_record
TN:
SF:src\components\BgGPSSwitch.js
FN:11,BgGPSSwitch
FN:17,startGPSTracking
FN:47,toggleSwitch
FN:68,(anonymous_3)
FN:69,(anonymous_4)
FN:103,(anonymous_5)
FN:109,(anonymous_6)
FNF:7
FNH:0
FNDA:0,BgGPSSwitch
FNDA:0,startGPSTracking
FNDA:0,toggleSwitch
FNDA:0,(anonymous_3)
FNDA:0,(anonymous_4)
FNDA:0,(anonymous_5)
FNDA:0,(anonymous_6)
DA:9,0
DA:12,0
DA:13,0
DA:14,0
DA:15,0
DA:18,0
DA:19,0
DA:20,0
DA:21,0
DA:22,0
DA:23,0
DA:24,0
DA:30,0
DA:31,0
DA:32,0
DA:33,0
DA:34,0
DA:37,0
DA:38,0
DA:41,0
DA:42,0
DA:48,0
DA:49,0
DA:50,0
DA:51,0
DA:52,0
DA:55,0
DA:56,0
DA:60,0
DA:61,0
DA:63,0
DA:64,0
DA:68,0
DA:69,0
DA:70,0
DA:71,0
DA:72,0
DA:73,0
DA:74,0
DA:75,0
DA:76,0
DA:77,0
DA:78,0
DA:80,0
DA:84,0
DA:88,0
DA:91,0
DA:95,0
DA:98,0
DA:103,0
DA:109,0
DA:110,0
DA:111,0
DA:113,0
DA:114,0
DA:115,0
DA:119,0
LF:57
LH:0
BRDA:21,0,0,0
BRDA:21,0,1,0
BRDA:31,1,0,0
BRDA:31,1,1,0
BRDA:48,2,0,0
BRDA:48,2,1,0
BRDA:50,3,0,0
BRDA:50,3,1,0
BRDA:60,4,0,0
BRDA:60,4,1,0
BRDA:72,5,0,0
BRDA:72,5,1,0
BRDA:73,6,0,0
BRDA:73,6,1,0
BRDA:75,7,0,0
BRDA:75,7,1,0
BRDA:101,8,0,0
BRDA:101,8,1,0
BRDA:110,9,0,0
BRDA:110,9,1,0
BRDA:113,10,0,0
BRDA:113,10,1,0
BRF:22
BRH:0
end_of_record
TN:
SF:src\components\CustomSidebarMenu.js
FN:22,CustomSidebarMenu
FN:27,(anonymous_1)
FN:50,(anonymous_2)
FN:55,(anonymous_3)
FN:62,(anonymous_4)
FN:67,(anonymous_5)
FNF:6
FNH:1
FNDA:1,CustomSidebarMenu
FNDA:0,(anonymous_1)
FNDA:0,(anonymous_2)
FNDA:0,(anonymous_3)
FNDA:0,(anonymous_4)
FNDA:0,(anonymous_5)
DA:23,1
DA:24,1
DA:25,1
DA:27,1
DA:28,0
DA:29,0
DA:33,1
DA:51,0
DA:56,0
DA:63,0
DA:68,0
DA:77,2
LF:12
LH:6
BRDA:28,0,0,0
BRDA:28,0,1,0
BRF:2
BRH:0
end_of_record
TN:
SF:src\components\FgLocationStoreButton.js
FN:8,FgLocationStoreButton
FN:12,storeLocation
FN:51,(anonymous_2)
FNF:3
FNH:1
FNDA:2,FgLocationStoreButton
FNDA:0,storeLocation
FNDA:0,(anonymous_2)
DA:9,2
DA:10,2
DA:13,0
DA:14,0
DA:15,0
DA:16,0
DA:17,0
DA:18,0
DA:20,0
DA:21,0
DA:22,0
DA:23,0
DA:26,0
DA:28,0
DA:29,0
DA:30,0
DA:33,0
DA:34,0
DA:35,0
DA:36,0
DA:37,0
DA:38,0
DA:39,0
DA:40,0
DA:41,0
DA:42,0
DA:43,0
DA:45,0
DA:51,2
DA:55,2
DA:70,3
LF:31
LH:5
BRDA:16,0,0,0
BRDA:16,0,1,0
BRDA:22,1,0,0
BRDA:22,1,1,0
BRDA:57,2,0,2
BRDA:57,2,1,2
BRDA:64,3,0,2
BRDA:64,3,1,0
BRF:8
BRH:3
end_of_record
TN:
SF:src\screens\ChatbotScreen.js
FN:9,ChatbotScreen
FN:14,(anonymous_1)
FN:29,(anonymous_2)
FN:33,(anonymous_3)
FN:47,getInformation
FN:56,onSend
FN:57,(anonymous_6)
FN:71,renderBubble
FN:96,renderSend
FN:105,renderInputToolbar
FN:113,(anonymous_10)
FN:129,(anonymous_11)
FNF:12
FNH:3
FNDA:2,ChatbotScreen
FNDA:1,(anonymous_1)
FNDA:1,(anonymous_2)
FNDA:0,(anonymous_3)
FNDA:0,getInformation
FNDA:0,onSend
FNDA:0,(anonymous_6)
FNDA:0,renderBubble
FNDA:0,renderSend
FNDA:0,renderInputToolbar
FNDA:0,(anonymous_10)
FNDA:0,(anonymous_11)
DA:10,2
DA:11,2
DA:12,2
DA:14,2
DA:15,1
DA:29,2
DA:30,1
DA:31,0
DA:32,0
DA:33,0
DA:48,0
DA:49,0
DA:51,0
DA:57,0
DA:66,0
DA:67,0
DA:68,0
DA:72,0
DA:97,0
DA:106,0
DA:114,0
DA:125,2
DA:129,0
DA:141,2
LF:24
LH:9
BRDA:30,0,0,0
BRDA:30,0,1,1
BRF:2
BRH:1
end_of_record
TN:
SF:src\screens\ContactScreen.js
FN:14,ContactScreen
FN:20,(anonymous_1)
FN:21,(anonymous_2)
FN:34,(anonymous_3)
FN:42,(anonymous_4)
FN:42,(anonymous_5)
FN:43,(anonymous_6)
FN:43,(anonymous_7)
FNF:8
FNH:1
FNDA:1,ContactScreen
FNDA:0,(anonymous_1)
FNDA:0,(anonymous_2)
FNDA:0,(anonymous_3)
FNDA:0,(anonymous_4)
FNDA:0,(anonymous_5)
FNDA:0,(anonymous_6)
FNDA:0,(anonymous_7)
DA:15,1
DA:16,1
DA:17,1
DA:18,1
DA:20,1
DA:21,0
DA:22,0
DA:23,0
DA:25,0
DA:28,1
DA:35,0
DA:36,0
DA:37,0
DA:38,0
DA:39,0
DA:40,0
DA:41,0
DA:42,0
DA:43,0
DA:44,0
DA:45,0
DA:56,0
DA:58,0
DA:59,0
DA:70,2
LF:25
LH:7
BRDA:37,0,0,0
BRDA:37,0,1,0
BRDA:39,1,0,0
BRDA:39,1,1,0
BRDA:39,2,0,0
BRDA:39,2,1,0
BRF:6
BRH:0
end_of_record
TN:
SF:src\screens\DistrictsScreen.js
FN:6,DistrictsScreen
FN:12,(anonymous_1)
FN:17,(anonymous_2)
FN:22,(anonymous_3)
FN:27,(anonymous_4)
FN:32,(anonymous_5)
FN:37,(anonymous_6)
FN:42,(anonymous_7)
FN:47,(anonymous_8)
FN:52,(anonymous_9)
FN:57,(anonymous_10)
FN:62,(anonymous_11)
FN:67,(anonymous_12)
FN:72,(anonymous_13)
FN:77,(anonymous_14)
FN:82,(anonymous_15)
FN:87,(anonymous_16)
FN:92,(anonymous_17)
FN:97,(anonymous_18)
FNF:19
FNH:1
FNDA:1,DistrictsScreen
FNDA:0,(anonymous_1)
FNDA:0,(anonymous_2)
FNDA:0,(anonymous_3)
FNDA:0,(anonymous_4)
FNDA:0,(anonymous_5)
FNDA:0,(anonymous_6)
FNDA:0,(anonymous_7)
FNDA:0,(anonymous_8)
FNDA:0,(anonymous_9)
FNDA:0,(anonymous_10)
FNDA:0,(anonymous_11)
FNDA:0,(anonymous_12)
FNDA:0,(anonymous_13)
FNDA:0,(anonymous_14)
FNDA:0,(anonymous_15)
FNDA:0,(anonymous_16)
FNDA:0,(anonymous_17)
FNDA:0,(anonymous_18)
DA:7,1
DA:8,1
DA:10,1
DA:13,0
DA:18,0
DA:23,0
DA:28,0
DA:33,0
DA:38,0
DA:43,0
DA:48,0
DA:53,0
DA:58,0
DA:63,0
DA:68,0
DA:73,0
DA:78,0
DA:83,0
DA:88,0
DA:93,0
DA:98,0
DA:106,2
LF:22
LH:4
BRF:0
BRH:0
end_of_record
TN:
SF:src\screens\HomeScreen.js
FN:7,HomeScreen
FN:11,(anonymous_1)
FN:12,(anonymous_2)
FNF:3
FNH:1
FNDA:1,HomeScreen
FNDA:0,(anonymous_1)
FNDA:0,(anonymous_2)
DA:8,1
DA:9,1
DA:11,1
DA:12,0
DA:13,0
DA:14,0
DA:16,0
DA:21,1
DA:38,2
LF:9
LH:5
BRDA:24,0,0,1
BRDA:24,0,1,0
BRDA:24,1,0,0
BRDA:24,1,1,0
BRDA:27,2,0,1
BRDA:27,2,1,0
BRDA:27,3,0,0
BRDA:27,3,1,0
BRDA:31,4,0,1
BRDA:31,4,1,0
BRDA:31,5,0,0
BRDA:31,5,1,0
BRF:12
BRH:3
end_of_record
TN:
SF:src\screens\LocationsScreen.js
FN:9,LocationsScreen
FN:16,searchFilter
FN:18,(anonymous_2)
FN:27,renderbuildings
FN:29,(anonymous_4)
FN:47,BuildingsSeperator
FN:53,(anonymous_6)
FN:54,(anonymous_7)
FN:70,(anonymous_8)
FN:79,(anonymous_9)
FNF:10
FNH:1
FNDA:1,LocationsScreen
FNDA:0,searchFilter
FNDA:0,(anonymous_2)
FNDA:0,renderbuildings
FNDA:0,(anonymous_4)
FNDA:0,BuildingsSeperator
FNDA:0,(anonymous_6)
FNDA:0,(anonymous_7)
FNDA:0,(anonymous_8)
FNDA:0,(anonymous_9)
DA:10,1
DA:11,1
DA:12,1
DA:13,1
DA:14,1
DA:17,0
DA:18,0
DA:19,0
DA:22,0
DA:24,0
DA:28,0
DA:30,0
DA:31,0
DA:32,0
DA:34,0
DA:35,0
DA:36,0
DA:37,0
DA:38,0
DA:39,0
DA:40,0
DA:48,0
DA:53,1
DA:54,0
DA:55,0
DA:56,0
DA:57,0
DA:59,0
DA:60,0
DA:61,0
DA:65,1
DA:70,0
DA:79,0
DA:88,2
LF:34
LH:8
BRDA:17,0,0,0
BRDA:17,0,1,0
BRDA:31,1,0,0
BRDA:31,1,1,0
BRDA:59,2,0,0
BRDA:59,2,1,0
BRF:6
BRH:0
end_of_record
TN:
SF:src\screens\ProfileScreen.js
FN:10,removeSpace
FN:11,(anonymous_1)
FN:21,ProfileScreen
FN:29,(anonymous_3)
FN:30,(anonymous_4)
FN:35,(anonymous_5)
FN:60,(anonymous_6)
FN:65,(anonymous_7)
FN:70,(anonymous_8)
FNF:9
FNH:1
FNDA:0,removeSpace
FNDA:0,(anonymous_1)
FNDA:1,ProfileScreen
FNDA:0,(anonymous_3)
FNDA:0,(anonymous_4)
FNDA:0,(anonymous_5)
FNDA:0,(anonymous_6)
FNDA:0,(anonymous_7)
FNDA:0,(anonymous_8)
DA:11,0
DA:12,0
DA:13,0
DA:14,0
DA:15,0
DA:18,0
DA:23,1
DA:24,1
DA:25,1
DA:26,1
DA:27,1
DA:29,1
DA:30,0
DA:35,0
DA:36,0
DA:37,0
DA:38,0
DA:39,0
DA:40,0
DA:41,0
DA:42,0
DA:43,0
DA:44,0
DA:45,0
DA:46,0
DA:47,0
DA:48,0
DA:49,0
DA:51,0
DA:54,0
DA:57,1
DA:61,0
DA:66,0
DA:71,0
DA:92,2
LF:35
LH:8
BRDA:13,0,0,0
BRDA:13,0,1,0
BRDA:43,1,0,0
BRDA:43,1,1,0
BRDA:44,2,0,0
BRDA:44,2,1,0
BRDA:45,3,0,0
BRDA:45,3,1,0
BRDA:46,4,0,0
BRDA:46,4,1,0
BRDA:47,5,0,0
BRDA:47,5,1,0
BRDA:48,6,0,0
BRDA:48,6,1,0
BRF:14
BRH:0
end_of_record
TN:
SF:src\screens\ReportScreen.js
FN:9,isDifferenceSmallerThan
FN:18,ReportScreen
FN:28,fillInReport
FN:33,(anonymous_3)
FN:83,clickUp
FN:102,clickDown
FN:121,BuildingsSeperator
FN:126,renderbuildings
FN:133,(anonymous_8)
FN:134,(anonymous_9)
FN:168,(anonymous_10)
FN:175,(anonymous_11)
FN:183,(anonymous_12)
FN:205,(anonymous_13)
FN:218,(anonymous_14)
FN:243,(anonymous_15)
FN:247,(anonymous_16)
FNF:17
FNH:3
FNDA:0,isDifferenceSmallerThan
FNDA:1,ReportScreen
FNDA:0,fillInReport
FNDA:0,(anonymous_3)
FNDA:0,clickUp
FNDA:0,clickDown
FNDA:1,BuildingsSeperator
FNDA:0,renderbuildings
FNDA:0,(anonymous_8)
FNDA:0,(anonymous_9)
FNDA:0,(anonymous_10)
FNDA:0,(anonymous_11)
FNDA:0,(anonymous_12)
FNDA:0,(anonymous_13)
FNDA:0,(anonymous_14)
FNDA:0,(anonymous_15)
FNDA:1,(anonymous_16)
DA:10,0
DA:11,0
DA:14,0
DA:19,1
DA:20,1
DA:21,1
DA:22,1
DA:23,1
DA:24,1
DA:25,1
DA:26,1
DA:29,0
DA:30,0
DA:31,0
DA:33,0
DA:35,0
DA:36,0
DA:38,0
DA:39,0
DA:40,0
DA:41,0
DA:43,0
DA:45,0
DA:46,0
DA:47,0
DA:48,0
DA:50,0
DA:52,0
DA:53,0
DA:54,0
DA:55,0
DA:57,0
DA:59,0
DA:60,0
DA:61,0
DA:62,0
DA:63,0
DA:66,0
DA:68,0
DA:69,0
DA:70,0
DA:71,0
DA:74,0
DA:76,0
DA:80,0
DA:84,0
DA:85,0
DA:86,0
DA:88,0
DA:89,0
DA:90,0
DA:92,0
DA:93,0
DA:94,0
DA:96,0
DA:97,0
DA:98,0
DA:103,0
DA:104,0
DA:105,0
DA:107,0
DA:108,0
DA:109,0
DA:111,0
DA:112,0
DA:113,0
DA:115,0
DA:116,0
DA:117,0
DA:122,1
DA:127,0
DA:133,1
DA:134,0
DA:135,0
DA:136,0
DA:137,0
DA:138,0
DA:139,0
DA:140,0
DA:141,0
DA:142,0
DA:143,0
DA:144,0
DA:145,0
DA:146,0
DA:147,0
DA:148,0
DA:149,0
DA:150,0
DA:151,0
DA:152,0
DA:153,0
DA:154,0
DA:155,0
DA:156,0
DA:157,0
DA:158,0
DA:159,0
DA:160,0
DA:164,0
DA:168,0
DA:169,0
DA:170,0
DA:172,0
DA:175,0
DA:176,0
DA:177,0
DA:179,0
DA:183,0
DA:184,0
DA:185,0
DA:186,0
DA:188,0
DA:189,0
DA:190,0
DA:192,0
DA:193,0
DA:194,0
DA:196,0
DA:197,0
DA:198,0
DA:205,0
DA:206,0
DA:207,0
DA:208,0
DA:209,0
DA:212,0
DA:213,0
DA:218,1
DA:219,0
DA:220,0
DA:223,1
DA:243,0
DA:247,1
DA:253,2
LF:135
LH:14
BRDA:10,0,0,0
BRDA:10,0,1,0
BRDA:11,1,0,0
BRDA:11,1,1,0
BRDA:14,2,0,0
BRDA:14,2,1,0
BRDA:30,3,0,0
BRDA:30,3,1,0
BRDA:36,4,0,0
BRDA:36,4,1,0
BRDA:36,4,2,0
BRDA:36,4,3,0
BRDA:40,5,0,0
BRDA:40,5,1,0
BRDA:40,6,0,0
BRDA:40,6,1,0
BRDA:47,7,0,0
BRDA:47,7,1,0
BRDA:47,8,0,0
BRDA:47,8,1,0
BRDA:54,9,0,0
BRDA:54,9,1,0
BRDA:54,10,0,0
BRDA:54,10,1,0
BRDA:62,11,0,0
BRDA:62,11,1,0
BRDA:62,12,0,0
BRDA:62,12,1,0
BRDA:68,13,0,0
BRDA:68,13,1,0
BRDA:68,14,0,0
BRDA:68,14,1,0
BRDA:69,15,0,0
BRDA:69,15,1,0
BRDA:84,16,0,0
BRDA:84,16,1,0
BRDA:84,17,0,0
BRDA:84,17,1,0
BRDA:88,18,0,0
BRDA:88,18,1,0
BRDA:92,19,0,0
BRDA:92,19,1,0
BRDA:96,20,0,0
BRDA:96,20,1,0
BRDA:103,21,0,0
BRDA:103,21,1,0
BRDA:107,22,0,0
BRDA:107,22,1,0
BRDA:111,23,0,0
BRDA:111,23,1,0
BRDA:115,24,0,0
BRDA:115,24,1,0
BRDA:115,25,0,0
BRDA:115,25,1,0
BRDA:148,26,0,0
BRDA:148,26,1,0
BRDA:149,27,0,0
BRDA:149,27,1,0
BRDA:150,28,0,0
BRDA:150,28,1,0
BRDA:151,29,0,0
BRDA:151,29,1,0
BRDA:152,30,0,0
BRDA:152,30,1,0
BRDA:153,31,0,0
BRDA:153,31,1,0
BRDA:154,32,0,0
BRDA:154,32,1,0
BRDA:155,33,0,0
BRDA:155,33,1,0
BRDA:156,34,0,0
BRDA:156,34,1,0
BRDA:157,35,0,0
BRDA:157,35,1,0
BRDA:158,36,0,0
BRDA:158,36,1,0
BRDA:159,37,0,0
BRDA:159,37,1,0
BRDA:184,38,0,0
BRDA:184,38,1,0
BRDA:184,39,0,0
BRDA:184,39,1,0
BRDA:184,39,2,0
BRDA:184,39,3,0
BRDA:188,40,0,0
BRDA:188,40,1,0
BRDA:188,41,0,0
BRDA:188,41,1,0
BRDA:188,41,2,0
BRDA:188,41,3,0
BRDA:192,42,0,0
BRDA:192,42,1,0
BRDA:192,43,0,0
BRDA:192,43,1,0
BRDA:192,43,2,0
BRDA:192,43,3,0
BRDA:196,44,0,0
BRDA:196,44,1,0
BRDA:212,45,0,0
BRDA:212,45,1,0
BRF:100
BRH:0
end_of_record
TN:
SF:src\services\AxiosGet.js
FN:4,axiosGet
FNF:1
FNH:1
FNDA:4,axiosGet
DA:5,4
DA:6,4
DA:7,4
DA:8,0
DA:11,4
DA:13,4
DA:14,4
DA:16,0
DA:17,0
DA:18,0
DA:19,0
DA:20,0
DA:22,0
DA:24,0
LF:14
LH:6
BRDA:7,0,0,0
BRDA:7,0,1,4
BRDA:17,1,0,0
BRDA:17,1,1,0
BRDA:19,2,0,0
BRDA:19,2,1,0
BRF:6
BRH:1
end_of_record
TN:
SF:src\services\RequestCasesNumber.js
FN:3,RequestCasesNumber
FNF:1
FNH:1
FNDA:3,RequestCasesNumber
DA:4,3
DA:5,3
DA:6,0
DA:8,3
DA:9,3
DA:10,3
DA:12,3
LF:7
LH:6
BRDA:5,0,0,0
BRDA:5,0,1,3
BRDA:9,1,0,3
BRDA:9,1,1,0
BRF:4
BRH:2
end_of_record
